2025-01-09 13:48:29,020 [INFO] Activator:176 - 


2025-01-09 13:48:29,036 [INFO] Activator:177 - !SESSION log4j initialized
2025-01-09 13:48:35,940 [INFO] LogOutputStream:77 - [STDOUT_REDIRECT] 
2025-01-09 13:48:43,002 [INFO] ApplicationProperties:184 - Using Application install path: C:\ST\STM32CubeIDE_1.15.1\STM32CubeIDE\plugins\com.st.stm32cube.common.mx_6.11.1.202404110753
2025-01-09 13:48:43,037 [INFO] DbMcusXml:78 - Set database path to: C:\ST\STM32CubeIDE_1.15.1\STM32CubeIDE\plugins\com.st.stm32cube.common.mx_6.11.1.202404110753\\db\/mcu/
2025-01-09 13:48:43,037 [INFO] ApiDb:274 - Set plugin database path to: C:\ST\STM32CubeIDE_1.15.1\STM32CubeIDE\plugins\com.st.stm32cube.common.mx_6.11.1.202404110753\\db\/plugins/boardmanager/
2025-01-09 13:48:43,039 [WARN] ApiDb:259 - Overriding images path with different value:  => C:\ST\STM32CubeIDE_1.15.1\STM32CubeIDE\plugins\com.st.stm32cube.common.mx_6.11.1.202404110753\\db\/plugins/mcufinder/images/
2025-01-09 13:48:43,071 [INFO] ApiDb:250 - Set database path to: C:\Users\Marina\.stmcufinder\plugins\mcufinder//mcu/
2025-01-09 13:48:43,074 [INFO] DbMcusAds:125 - Set database path to: C:\Users\Marina\.stmcufinder\plugins\mcufinder//mcu/
2025-01-09 13:48:43,078 [INFO] CrossReferenceDbSqlite:203 - Set database path to: C:\Users\Marina\.stmcufinder\plugins\mcufinder//mcu/cs/
2025-01-09 13:48:43,358 [INFO] RulesReader:64 - Compatibility file has been processed (297 Rules)
2025-01-09 13:48:43,660 [INFO] DbMcusXml:78 - Set database path to: C:\ST\STM32CubeIDE_1.15.1\STM32CubeIDE\plugins\com.st.stm32cube.common.mx_6.11.1.202404110753\\db\/mcu/
2025-01-09 13:48:43,661 [INFO] ApiDb:274 - Set plugin database path to: C:\ST\STM32CubeIDE_1.15.1\STM32CubeIDE\plugins\com.st.stm32cube.common.mx_6.11.1.202404110753\\db\/plugins/boardmanager/
2025-01-09 13:48:43,662 [INFO] ApiDb:261 - Set plugin images path to: C:\ST\STM32CubeIDE_1.15.1\STM32CubeIDE\plugins\com.st.stm32cube.common.mx_6.11.1.202404110753\\db\/plugins/mcufinder/images/
2025-01-09 13:48:43,663 [WARN] DbFile:41 - Overriding database path with different value: C:\Users\Marina\.stmcufinder\plugins\mcufinder/ => C:\Users\Marina\.stmcufinder\plugins\mcufinder
2025-01-09 13:48:43,664 [INFO] ApiDb:250 - Set database path to: C:\Users\Marina\.stmcufinder\plugins\mcufinder//mcu/
2025-01-09 13:48:43,665 [WARN] DbFile:41 - Overriding database path with different value: C:\Users\Marina\.stmcufinder\plugins\mcufinder/ => C:\Users\Marina\.stmcufinder\plugins\mcufinder
2025-01-09 13:48:43,665 [INFO] DbMcusAds:125 - Set database path to: C:\Users\Marina\.stmcufinder\plugins\mcufinder//mcu/
2025-01-09 13:48:43,665 [WARN] DbFile:41 - Overriding database path with different value: C:\Users\Marina\.stmcufinder\plugins\mcufinder/ => C:\Users\Marina\.stmcufinder\plugins\mcufinder
2025-01-09 13:48:43,665 [WARN] DbFile:41 - Overriding database path with different value: C:\Users\Marina\.stmcufinder\plugins\mcufinder/ => C:\Users\Marina\.stmcufinder\plugins\mcufinder
2025-01-09 13:48:43,666 [INFO] CrossReferenceDbSqlite:203 - Set database path to: C:\Users\Marina\.stmcufinder\plugins\mcufinder//mcu/cs/
2025-01-09 13:48:43,961 [INFO] MainPanel:264 - HeapMemory: 268435456
2025-01-09 13:48:44,218 [INFO] DbMcusXml:78 - Set database path to: C:\ST\STM32CubeIDE_1.15.1\STM32CubeIDE\plugins\com.st.stm32cube.common.mx_6.11.1.202404110753\\db\/mcu/
2025-01-09 13:48:44,219 [INFO] ApiDb:274 - Set plugin database path to: C:\ST\STM32CubeIDE_1.15.1\STM32CubeIDE\plugins\com.st.stm32cube.common.mx_6.11.1.202404110753\\db\/plugins/boardmanager/
2025-01-09 13:48:44,220 [INFO] ApiDb:261 - Set plugin images path to: C:\ST\STM32CubeIDE_1.15.1\STM32CubeIDE\plugins\com.st.stm32cube.common.mx_6.11.1.202404110753\\db\/plugins/mcufinder/images/
2025-01-09 13:48:44,221 [WARN] DbFile:41 - Overriding database path with different value: C:\Users\Marina\.stmcufinder\plugins\mcufinder/ => C:\Users\Marina\.stmcufinder\plugins\mcufinder
2025-01-09 13:48:44,221 [INFO] ApiDb:250 - Set database path to: C:\Users\Marina\.stmcufinder\plugins\mcufinder//mcu/
2025-01-09 13:48:44,222 [WARN] DbFile:41 - Overriding database path with different value: C:\Users\Marina\.stmcufinder\plugins\mcufinder/ => C:\Users\Marina\.stmcufinder\plugins\mcufinder
2025-01-09 13:48:44,222 [INFO] DbMcusAds:125 - Set database path to: C:\Users\Marina\.stmcufinder\plugins\mcufinder//mcu/
2025-01-09 13:48:44,223 [WARN] DbFile:41 - Overriding database path with different value: C:\Users\Marina\.stmcufinder\plugins\mcufinder/ => C:\Users\Marina\.stmcufinder\plugins\mcufinder
2025-01-09 13:48:44,223 [WARN] DbFile:41 - Overriding database path with different value: C:\Users\Marina\.stmcufinder\plugins\mcufinder/ => C:\Users\Marina\.stmcufinder\plugins\mcufinder
2025-01-09 13:48:44,224 [INFO] CrossReferenceDbSqlite:203 - Set database path to: C:\Users\Marina\.stmcufinder\plugins\mcufinder//mcu/cs/
2025-01-09 13:48:44,279 [INFO] ApplicationProperties:184 - Using Application install path: C:\ST\STM32CubeIDE_1.15.1\STM32CubeIDE\plugins\com.st.stm32cube.common.mx_6.11.1.202404110753
2025-01-09 13:48:44,283 [INFO] PluginManage:196 - Search for loadable plugins [exclusion list=, ]
2025-01-09 13:48:44,287 [INFO] PluginManage:310 - Check plugin analytics
2025-01-09 13:48:44,918 [INFO] AnalyticsPlugin:253 - Accepted Software Licenses: STM32CubeMX.6.5.0,STM32CubeMX.6.3.0,STM32CubeMX.6.4.0
2025-01-09 13:48:44,919 [INFO] AnalyticsPlugin:255 - Accepted CMSIS Pack Licenses: 
2025-01-09 13:48:44,920 [INFO] AnalyticsPlugin:257 - Accepted Firmware Licenses: FW.C0.1.1.0
2025-01-09 13:48:44,931 [INFO] PluginManage:359 - Loaded plugin analytics (category:tool,tabindex:-1)
2025-01-09 13:48:44,932 [INFO] PluginManage:310 - Check plugin cadmodel
2025-01-09 13:48:44,995 [INFO] CADModel:105 - Init CAD model plugin
2025-01-09 13:48:44,996 [INFO] PluginManage:359 - Loaded plugin cadmodel (category:power,tabindex:5)
2025-01-09 13:48:44,996 [INFO] PluginManage:310 - Check plugin clock
2025-01-09 13:48:45,077 [INFO] PluginManage:359 - Loaded plugin clock (category:base,tabindex:2)
2025-01-09 13:48:45,077 [INFO] PluginManage:310 - Check plugin ddr
2025-01-09 13:48:45,085 [INFO] PluginManage:359 - Loaded plugin ddr (category:tool,tabindex:6)
2025-01-09 13:48:45,085 [INFO] PluginManage:310 - Check plugin filemanager
2025-01-09 13:48:45,459 [INFO] PluginManage:359 - Loaded plugin filemanager (category:base,tabindex:10)
2025-01-09 13:48:45,460 [INFO] PluginManage:310 - Check plugin ipmanager
2025-01-09 13:48:45,480 [INFO] PluginManage:359 - Loaded plugin ipmanager (category:base,tabindex:5)
2025-01-09 13:48:45,481 [INFO] PluginManage:310 - Check plugin lpbam
2025-01-09 13:48:45,532 [INFO] PluginManage:359 - Loaded plugin lpbam (category:base,tabindex:0)
2025-01-09 13:48:45,533 [INFO] PluginManage:310 - Check plugin memorymap
2025-01-09 13:48:45,592 [INFO] PluginManage:359 - Loaded plugin memorymap (category:base,tabindex:4)
2025-01-09 13:48:45,592 [INFO] PluginManage:310 - Check plugin pinoutandconfiguration
2025-01-09 13:48:45,644 [INFO] PluginManage:359 - Loaded plugin pinoutandconfiguration (category:base,tabindex:1)
2025-01-09 13:48:45,644 [INFO] PluginManage:310 - Check plugin pinoutconfig
2025-01-09 13:48:46,009 [WARN] SupportedApi:132 - Cannot load RTOS API schema: s4s-elt-must-match.1: The content of 'definitions' must match (annotation?, (simpleType | complexType)?, (unique | key | keyref)*)). A problem was found starting at: attribute.
2025-01-09 13:48:46,368 [INFO] PluginManage:359 - Loaded plugin pinoutconfig (category:base,tabindex:0)
2025-01-09 13:48:46,368 [INFO] PluginManage:310 - Check plugin power
2025-01-09 13:48:46,444 [INFO] PluginManage:359 - Loaded plugin power (category:power,tabindex:4)
2025-01-09 13:48:46,445 [INFO] PluginManage:310 - Check plugin projectmanager
2025-01-09 13:48:46,497 [INFO] PluginManage:359 - Loaded plugin projectmanager (category:projectmanager,tabindex:3)
2025-01-09 13:48:46,498 [INFO] PluginManage:310 - Check plugin thirdparty
2025-01-09 13:48:47,311 [INFO] PluginManage:359 - Loaded plugin thirdparty (category:base,tabindex:-1)
2025-01-09 13:48:47,312 [WARN] IntegrityCheckThread:84 - waiting for thirdparty lock release [integrity check]
2025-01-09 13:48:47,312 [INFO] PluginManage:310 - Check plugin tools
2025-01-09 13:48:47,312 [INFO] IntegrityCheckThread:86 - entering critical section [integrity check]
2025-01-09 13:48:47,313 [INFO] ThirdPartyUpdaterWithRetryManager:70 - Updater plugin not ready yet. [1/15]
2025-01-09 13:48:47,431 [INFO] PluginManage:359 - Loaded plugin tools (category:base,tabindex:7)
2025-01-09 13:48:47,431 [INFO] PluginManage:310 - Check plugin tutovideos
2025-01-09 13:48:47,988 [INFO] PluginManage:359 - Loaded plugin tutovideos (category:base,tabindex:-1)
2025-01-09 13:48:47,989 [INFO] PluginManage:310 - Check plugin updater
2025-01-09 13:48:48,016 [INFO] PluginManage:359 - Loaded plugin updater (category:base,tabindex:12)
2025-01-09 13:48:48,016 [INFO] PluginManage:310 - Check plugin userauth
2025-01-09 13:48:48,030 [INFO] UserAuth:114 - Init User Auth plugin
2025-01-09 13:48:48,030 [INFO] PluginManage:359 - Loaded plugin userauth (category:base,tabindex:14)
2025-01-09 13:48:48,031 [INFO] PluginManage:283 - PluginManage : Loaded plugins [17]
2025-01-09 13:48:48,967 [INFO] PinOutPanel:1561 - setPackage(No Configuration,No Configuration)
2025-01-09 13:48:49,353 [INFO] CADModel:165 - CPN selected for project level
2025-01-09 13:48:49,353 [INFO] CADModel:114 - Register for checkConnection events
2025-01-09 13:48:49,436 [INFO] IPUIPlugin:80 - create IPUIPlugin
2025-01-09 13:48:49,437 [INFO] PluginManager:220 - loadIPPluginJar : add adc
2025-01-09 13:48:49,565 [INFO] IPUIPlugin:80 - create IPUIPlugin
2025-01-09 13:48:49,565 [INFO] PluginManager:220 - loadIPPluginJar : add aes
2025-01-09 13:48:49,701 [INFO] IPUIPlugin:80 - create IPUIPlugin
2025-01-09 13:48:49,702 [INFO] PluginManager:220 - loadIPPluginJar : add can
2025-01-09 13:48:49,776 [INFO] IPUIPlugin:80 - create IPUIPlugin
2025-01-09 13:48:49,776 [INFO] PluginManager:220 - loadIPPluginJar : add comp
2025-01-09 13:48:49,878 [INFO] IPUIPlugin:80 - create IPUIPlugin
2025-01-09 13:48:49,879 [INFO] PluginManager:220 - loadIPPluginJar : add cryp
2025-01-09 13:48:49,984 [INFO] IPUIPlugin:80 - create IPUIPlugin
2025-01-09 13:48:49,985 [INFO] PluginManager:220 - loadIPPluginJar : add dfsdm
2025-01-09 13:48:50,024 [INFO] IPUIPlugin:80 - create IPUIPlugin
2025-01-09 13:48:50,025 [INFO] PluginManager:220 - loadIPPluginJar : add dma
2025-01-09 13:48:50,161 [INFO] IPUIPlugin:80 - create IPUIPlugin
2025-01-09 13:48:50,161 [INFO] PluginManager:220 - loadIPPluginJar : add dma3
2025-01-09 13:48:50,285 [INFO] IPUIPlugin:80 - create IPUIPlugin
2025-01-09 13:48:50,285 [INFO] PluginManager:220 - loadIPPluginJar : add extmemmanager
2025-01-09 13:48:50,315 [INFO] ThirdPartyUpdaterWithRetryManager:70 - Updater plugin not ready yet. [2/15]
2025-01-09 13:48:50,356 [INFO] IPUIPlugin:80 - create IPUIPlugin
2025-01-09 13:48:50,356 [INFO] PluginManager:220 - loadIPPluginJar : add fatfs
2025-01-09 13:48:50,505 [INFO] IPUIPlugin:80 - create IPUIPlugin
2025-01-09 13:48:50,505 [INFO] PluginManager:220 - loadIPPluginJar : add fmc
2025-01-09 13:48:50,545 [INFO] IPUIPlugin:80 - create IPUIPlugin
2025-01-09 13:48:50,545 [INFO] PluginManager:220 - loadIPPluginJar : add freertos
2025-01-09 13:48:50,609 [INFO] IPUIPlugin:80 - create IPUIPlugin
2025-01-09 13:48:50,609 [INFO] PluginManager:220 - loadIPPluginJar : add genericplugin
2025-01-09 13:48:50,900 [INFO] IPUIPlugin:80 - create IPUIPlugin
2025-01-09 13:48:50,900 [INFO] PluginManager:220 - loadIPPluginJar : add gfxmmu
2025-01-09 13:48:51,309 [INFO] IPUIPlugin:80 - create IPUIPlugin
2025-01-09 13:48:51,309 [INFO] PluginManager:220 - loadIPPluginJar : add gic
2025-01-09 13:48:51,343 [INFO] IPUIPlugin:80 - create IPUIPlugin
2025-01-09 13:48:51,343 [INFO] PluginManager:220 - loadIPPluginJar : add gpio
2025-01-09 13:48:51,611 [INFO] IPUIPlugin:80 - create IPUIPlugin
2025-01-09 13:48:51,612 [INFO] PluginManager:220 - loadIPPluginJar : add gtzc
2025-01-09 13:48:51,709 [INFO] IPUIPlugin:80 - create IPUIPlugin
2025-01-09 13:48:51,709 [INFO] PluginManager:220 - loadIPPluginJar : add hash
2025-01-09 13:48:51,861 [INFO] IPUIPlugin:80 - create IPUIPlugin
2025-01-09 13:48:51,861 [INFO] PluginManager:220 - loadIPPluginJar : add i2c
2025-01-09 13:48:51,994 [INFO] IPUIPlugin:80 - create IPUIPlugin
2025-01-09 13:48:51,994 [INFO] PluginManager:220 - loadIPPluginJar : add i2s
2025-01-09 13:48:52,120 [INFO] IPUIPlugin:80 - create IPUIPlugin
2025-01-09 13:48:52,121 [INFO] PluginManager:220 - loadIPPluginJar : add i3c
2025-01-09 13:48:52,387 [INFO] IPUIPlugin:80 - create IPUIPlugin
2025-01-09 13:48:52,387 [INFO] PluginManager:220 - loadIPPluginJar : add ipddr
2025-01-09 13:48:52,681 [INFO] IPUIPlugin:80 - create IPUIPlugin
2025-01-09 13:48:52,683 [INFO] PluginManager:220 - loadIPPluginJar : add linkedlist
2025-01-09 13:48:52,800 [INFO] IPUIPlugin:80 - create IPUIPlugin
2025-01-09 13:48:52,800 [INFO] PluginManager:220 - loadIPPluginJar : add lorawan
2025-01-09 13:48:52,910 [INFO] IPUIPlugin:80 - create IPUIPlugin
2025-01-09 13:48:52,910 [INFO] PluginManager:220 - loadIPPluginJar : add ltdc
2025-01-09 13:48:52,952 [INFO] IPUIPlugin:80 - create IPUIPlugin
2025-01-09 13:48:52,952 [INFO] PluginManager:220 - loadIPPluginJar : add mdma
2025-01-09 13:48:52,986 [INFO] IPUIPlugin:80 - create IPUIPlugin
2025-01-09 13:48:52,986 [INFO] PluginManager:220 - loadIPPluginJar : add nvic
2025-01-09 13:48:53,104 [INFO] IPUIPlugin:80 - create IPUIPlugin
2025-01-09 13:48:53,104 [INFO] PluginManager:220 - loadIPPluginJar : add opamp
2025-01-09 13:48:53,305 [INFO] IPUIPlugin:80 - create IPUIPlugin
2025-01-09 13:48:53,305 [INFO] PluginManager:220 - loadIPPluginJar : add openamp
2025-01-09 13:48:53,316 [INFO] ThirdPartyUpdaterWithRetryManager:70 - Updater plugin not ready yet. [3/15]
2025-01-09 13:48:53,435 [INFO] IPUIPlugin:80 - create IPUIPlugin
2025-01-09 13:48:53,435 [INFO] PluginManager:220 - loadIPPluginJar : add pdm2pcm
2025-01-09 13:48:53,477 [INFO] IPUIPlugin:80 - create IPUIPlugin
2025-01-09 13:48:53,483 [INFO] PluginManager:220 - loadIPPluginJar : add plateformsettings
2025-01-09 13:48:53,562 [INFO] IPUIPlugin:80 - create IPUIPlugin
2025-01-09 13:48:53,562 [INFO] PluginManager:220 - loadIPPluginJar : add quadspi
2025-01-09 13:48:53,603 [INFO] IPUIPlugin:80 - create IPUIPlugin
2025-01-09 13:48:53,603 [INFO] PluginManager:220 - loadIPPluginJar : add resmgrutility
2025-01-09 13:48:53,752 [INFO] IPUIPlugin:80 - create IPUIPlugin
2025-01-09 13:48:53,752 [INFO] PluginManager:220 - loadIPPluginJar : add sai
2025-01-09 13:48:53,873 [INFO] IPUIPlugin:80 - create IPUIPlugin
2025-01-09 13:48:53,874 [INFO] PluginManager:220 - loadIPPluginJar : add spi
2025-01-09 13:48:54,090 [INFO] IPUIPlugin:80 - create IPUIPlugin
2025-01-09 13:48:54,090 [INFO] PluginManager:220 - loadIPPluginJar : add stm32_wpan
2025-01-09 13:48:54,171 [INFO] IPUIPlugin:80 - create IPUIPlugin
2025-01-09 13:48:54,171 [INFO] PluginManager:220 - loadIPPluginJar : add tim
2025-01-09 13:48:54,375 [INFO] IPUIPlugin:80 - create IPUIPlugin
2025-01-09 13:48:54,375 [INFO] PluginManager:220 - loadIPPluginJar : add touchsensing
2025-01-09 13:48:54,452 [INFO] IPUIPlugin:80 - create IPUIPlugin
2025-01-09 13:48:54,452 [INFO] PluginManager:220 - loadIPPluginJar : add tracer_emb
2025-01-09 13:48:54,535 [INFO] IPUIPlugin:80 - create IPUIPlugin
2025-01-09 13:48:54,535 [INFO] PluginManager:220 - loadIPPluginJar : add ts
2025-01-09 13:48:54,609 [INFO] IPUIPlugin:80 - create IPUIPlugin
2025-01-09 13:48:54,610 [INFO] PluginManager:220 - loadIPPluginJar : add tsc
2025-01-09 13:48:54,675 [INFO] IPUIPlugin:80 - create IPUIPlugin
2025-01-09 13:48:54,675 [INFO] PluginManager:220 - loadIPPluginJar : add ucpd
2025-01-09 13:48:54,802 [INFO] IPUIPlugin:80 - create IPUIPlugin
2025-01-09 13:48:54,803 [INFO] PluginManager:220 - loadIPPluginJar : add usart
2025-01-09 13:48:54,926 [INFO] IPUIPlugin:80 - create IPUIPlugin
2025-01-09 13:48:54,926 [INFO] PluginManager:220 - loadIPPluginJar : add usbx
2025-01-09 13:48:55,151 [INFO] CADModel:165 - CPN selected for project level
2025-01-09 13:48:55,151 [INFO] CADModel:114 - Register for checkConnection events
2025-01-09 13:48:55,152 [FATAL] Updater:308 - Updater called before beeing initialized
2025-01-09 13:48:55,152 [ERROR] CADModel:125 - Updater not yet initialized, retry later 
2025-01-09 13:48:55,514 [INFO] CADModel:165 - CPN selected for project level
2025-01-09 13:48:55,514 [INFO] CADModel:114 - Register for checkConnection events
2025-01-09 13:48:55,514 [FATAL] Updater:308 - Updater called before beeing initialized
2025-01-09 13:48:55,515 [ERROR] CADModel:125 - Updater not yet initialized, retry later 
2025-01-09 13:48:55,523 [FATAL] Updater:308 - Updater called before beeing initialized
2025-01-09 13:48:55,861 [FATAL] Updater:308 - Updater called before beeing initialized
2025-01-09 13:48:55,890 [INFO] DbMcusAds:53 - JSON generation date=Tue Dec 17 17:01:15 CET 2024 (1734451275222)
2025-01-09 13:48:55,891 [FATAL] Updater:308 - Updater called before beeing initialized
2025-01-09 13:48:56,124 [WARN] DetailPanel:346 - Failed to get advertising image, set to default
2025-01-09 13:48:56,325 [INFO] ThirdPartyUpdaterWithRetryManager:70 - Updater plugin not ready yet. [4/15]
2025-01-09 13:48:56,369 [FATAL] Updater:308 - Updater called before beeing initialized
2025-01-09 13:48:56,374 [FATAL] Updater:308 - Updater called before beeing initialized
2025-01-09 13:48:56,375 [FATAL] Updater:308 - Updater called before beeing initialized
2025-01-09 13:48:56,375 [WARN] DetailPanel:346 - Failed to get advertising image, set to default
2025-01-09 13:48:56,377 [FATAL] Updater:308 - Updater called before beeing initialized
2025-01-09 13:48:56,553 [ERROR] Updater:1120 - MainUpdater not yet initialized. External WinMGr cannot be set.
2025-01-09 13:48:56,580 [INFO] Updater:1056 - Updater Version found : 6.11.1
2025-01-09 13:48:56,626 [INFO] ApplicationProperties:184 - Using Application install path: C:\ST\STM32CubeIDE_1.15.1\STM32CubeIDE\plugins\com.st.stm32cube.common.mx_6.11.1.202404110753
2025-01-09 13:48:58,040 [INFO] MainUpdater:2873 - connection check result : 10
2025-01-09 13:48:58,042 [INFO] MainUpdater:290 - Updater Check For Update Now.
2025-01-09 13:48:58,043 [INFO] MicroXplorer:498 - Change Database Version : DB.6.0.111
2025-01-09 13:48:58,112 [INFO] McuFinderGlobals:63 - Set McuFinder mode to 2 (CubeIDE integrated)
2025-01-09 13:48:58,115 [INFO] UserAuth:179 - activating auth plugin
2025-01-09 13:48:58,368 [INFO] UserAuth:415 - Internet connection configuration mode: 1
2025-01-09 13:48:58,461 [INFO] JxBrowserEngine:152 - Initiate JxBrowser Engine with user profile folder
2025-01-09 13:48:59,445 [INFO] CheckServerUpdateThread:120 - End of CheckServer Thread
2025-01-09 13:49:01,001 [ERROR] LogOutputStream:75 - [STDERR_REDIRECT] 
