2025-01-06 17:08:21,164 [INFO] Activator:176 - 


2025-01-06 17:08:21,194 [INFO] Activator:177 - !SESSION log4j initialized
2025-01-06 17:08:53,426 [INFO] LogOutputStream:77 - [STDOUT_REDIRECT] 
2025-01-06 17:08:59,661 [INFO] ApplicationProperties:184 - Using Application install path: C:\ST\STM32CubeIDE_1.15.1\STM32CubeIDE\plugins\com.st.stm32cube.common.mx_6.11.1.202404110753
2025-01-06 17:08:59,703 [INFO] DbMcusXml:78 - Set database path to: C:\ST\STM32CubeIDE_1.15.1\STM32CubeIDE\plugins\com.st.stm32cube.common.mx_6.11.1.202404110753\\db\/mcu/
2025-01-06 17:08:59,704 [INFO] ApiDb:274 - Set plugin database path to: C:\ST\STM32CubeIDE_1.15.1\STM32CubeIDE\plugins\com.st.stm32cube.common.mx_6.11.1.202404110753\\db\/plugins/boardmanager/
2025-01-06 17:08:59,705 [WARN] ApiDb:259 - Overriding images path with different value:  => C:\ST\STM32CubeIDE_1.15.1\STM32CubeIDE\plugins\com.st.stm32cube.common.mx_6.11.1.202404110753\\db\/plugins/mcufinder/images/
2025-01-06 17:08:59,742 [INFO] ApiDb:250 - Set database path to: C:\Users\Marina\.stmcufinder\plugins\mcufinder//mcu/
2025-01-06 17:08:59,744 [INFO] DbMcusAds:125 - Set database path to: C:\Users\Marina\.stmcufinder\plugins\mcufinder//mcu/
2025-01-06 17:08:59,749 [INFO] CrossReferenceDbSqlite:203 - Set database path to: C:\Users\Marina\.stmcufinder\plugins\mcufinder//mcu/cs/
2025-01-06 17:09:00,737 [INFO] RulesReader:64 - Compatibility file has been processed (297 Rules)
2025-01-06 17:09:01,074 [INFO] DbMcusXml:78 - Set database path to: C:\ST\STM32CubeIDE_1.15.1\STM32CubeIDE\plugins\com.st.stm32cube.common.mx_6.11.1.202404110753\\db\/mcu/
2025-01-06 17:09:01,074 [INFO] ApiDb:274 - Set plugin database path to: C:\ST\STM32CubeIDE_1.15.1\STM32CubeIDE\plugins\com.st.stm32cube.common.mx_6.11.1.202404110753\\db\/plugins/boardmanager/
2025-01-06 17:09:01,075 [INFO] ApiDb:261 - Set plugin images path to: C:\ST\STM32CubeIDE_1.15.1\STM32CubeIDE\plugins\com.st.stm32cube.common.mx_6.11.1.202404110753\\db\/plugins/mcufinder/images/
2025-01-06 17:09:01,075 [WARN] DbFile:41 - Overriding database path with different value: C:\Users\Marina\.stmcufinder\plugins\mcufinder/ => C:\Users\Marina\.stmcufinder\plugins\mcufinder
2025-01-06 17:09:01,076 [INFO] ApiDb:250 - Set database path to: C:\Users\Marina\.stmcufinder\plugins\mcufinder//mcu/
2025-01-06 17:09:01,076 [WARN] DbFile:41 - Overriding database path with different value: C:\Users\Marina\.stmcufinder\plugins\mcufinder/ => C:\Users\Marina\.stmcufinder\plugins\mcufinder
2025-01-06 17:09:01,076 [INFO] DbMcusAds:125 - Set database path to: C:\Users\Marina\.stmcufinder\plugins\mcufinder//mcu/
2025-01-06 17:09:01,077 [WARN] DbFile:41 - Overriding database path with different value: C:\Users\Marina\.stmcufinder\plugins\mcufinder/ => C:\Users\Marina\.stmcufinder\plugins\mcufinder
2025-01-06 17:09:01,077 [WARN] DbFile:41 - Overriding database path with different value: C:\Users\Marina\.stmcufinder\plugins\mcufinder/ => C:\Users\Marina\.stmcufinder\plugins\mcufinder
2025-01-06 17:09:01,077 [INFO] CrossReferenceDbSqlite:203 - Set database path to: C:\Users\Marina\.stmcufinder\plugins\mcufinder//mcu/cs/
2025-01-06 17:09:01,589 [INFO] MainPanel:264 - HeapMemory: 268435456
2025-01-06 17:09:02,199 [INFO] DbMcusXml:78 - Set database path to: C:\ST\STM32CubeIDE_1.15.1\STM32CubeIDE\plugins\com.st.stm32cube.common.mx_6.11.1.202404110753\\db\/mcu/
2025-01-06 17:09:02,201 [INFO] ApiDb:274 - Set plugin database path to: C:\ST\STM32CubeIDE_1.15.1\STM32CubeIDE\plugins\com.st.stm32cube.common.mx_6.11.1.202404110753\\db\/plugins/boardmanager/
2025-01-06 17:09:02,201 [INFO] ApiDb:261 - Set plugin images path to: C:\ST\STM32CubeIDE_1.15.1\STM32CubeIDE\plugins\com.st.stm32cube.common.mx_6.11.1.202404110753\\db\/plugins/mcufinder/images/
2025-01-06 17:09:02,202 [WARN] DbFile:41 - Overriding database path with different value: C:\Users\Marina\.stmcufinder\plugins\mcufinder/ => C:\Users\Marina\.stmcufinder\plugins\mcufinder
2025-01-06 17:09:02,206 [INFO] ApiDb:250 - Set database path to: C:\Users\Marina\.stmcufinder\plugins\mcufinder//mcu/
2025-01-06 17:09:02,206 [WARN] DbFile:41 - Overriding database path with different value: C:\Users\Marina\.stmcufinder\plugins\mcufinder/ => C:\Users\Marina\.stmcufinder\plugins\mcufinder
2025-01-06 17:09:02,207 [INFO] DbMcusAds:125 - Set database path to: C:\Users\Marina\.stmcufinder\plugins\mcufinder//mcu/
2025-01-06 17:09:02,208 [WARN] DbFile:41 - Overriding database path with different value: C:\Users\Marina\.stmcufinder\plugins\mcufinder/ => C:\Users\Marina\.stmcufinder\plugins\mcufinder
2025-01-06 17:09:02,209 [WARN] DbFile:41 - Overriding database path with different value: C:\Users\Marina\.stmcufinder\plugins\mcufinder/ => C:\Users\Marina\.stmcufinder\plugins\mcufinder
2025-01-06 17:09:02,209 [INFO] CrossReferenceDbSqlite:203 - Set database path to: C:\Users\Marina\.stmcufinder\plugins\mcufinder//mcu/cs/
2025-01-06 17:09:02,330 [INFO] ApplicationProperties:184 - Using Application install path: C:\ST\STM32CubeIDE_1.15.1\STM32CubeIDE\plugins\com.st.stm32cube.common.mx_6.11.1.202404110753
2025-01-06 17:09:02,335 [INFO] PluginManage:196 - Search for loadable plugins [exclusion list=, ]
2025-01-06 17:09:02,344 [INFO] PluginManage:310 - Check plugin analytics
2025-01-06 17:09:04,050 [INFO] AnalyticsPlugin:253 - Accepted Software Licenses: STM32CubeMX.6.5.0,STM32CubeMX.6.3.0,STM32CubeMX.6.4.0
2025-01-06 17:09:04,051 [INFO] AnalyticsPlugin:255 - Accepted CMSIS Pack Licenses: 
2025-01-06 17:09:04,052 [INFO] AnalyticsPlugin:257 - Accepted Firmware Licenses: FW.C0.1.1.0
2025-01-06 17:09:04,061 [INFO] PluginManage:359 - Loaded plugin analytics (category:tool,tabindex:-1)
2025-01-06 17:09:04,065 [INFO] PluginManage:310 - Check plugin cadmodel
2025-01-06 17:09:04,122 [INFO] CADModel:105 - Init CAD model plugin
2025-01-06 17:09:04,123 [INFO] PluginManage:359 - Loaded plugin cadmodel (category:power,tabindex:5)
2025-01-06 17:09:04,124 [INFO] PluginManage:310 - Check plugin clock
2025-01-06 17:09:04,200 [INFO] PluginManage:359 - Loaded plugin clock (category:base,tabindex:2)
2025-01-06 17:09:04,201 [INFO] PluginManage:310 - Check plugin ddr
2025-01-06 17:09:04,217 [INFO] PluginManage:359 - Loaded plugin ddr (category:tool,tabindex:6)
2025-01-06 17:09:04,218 [INFO] PluginManage:310 - Check plugin filemanager
2025-01-06 17:09:04,930 [INFO] PluginManage:359 - Loaded plugin filemanager (category:base,tabindex:10)
2025-01-06 17:09:04,931 [INFO] PluginManage:310 - Check plugin ipmanager
2025-01-06 17:09:05,065 [INFO] PluginManage:359 - Loaded plugin ipmanager (category:base,tabindex:5)
2025-01-06 17:09:05,069 [INFO] PluginManage:310 - Check plugin lpbam
2025-01-06 17:09:05,147 [INFO] PluginManage:359 - Loaded plugin lpbam (category:base,tabindex:0)
2025-01-06 17:09:05,148 [INFO] PluginManage:310 - Check plugin memorymap
2025-01-06 17:09:05,236 [INFO] PluginManage:359 - Loaded plugin memorymap (category:base,tabindex:4)
2025-01-06 17:09:05,237 [INFO] PluginManage:310 - Check plugin pinoutandconfiguration
2025-01-06 17:09:05,290 [INFO] PluginManage:359 - Loaded plugin pinoutandconfiguration (category:base,tabindex:1)
2025-01-06 17:09:05,291 [INFO] PluginManage:310 - Check plugin pinoutconfig
2025-01-06 17:09:05,551 [WARN] SupportedApi:132 - Cannot load RTOS API schema: s4s-elt-must-match.1: The content of 'definitions' must match (annotation?, (simpleType | complexType)?, (unique | key | keyref)*)). A problem was found starting at: attribute.
2025-01-06 17:09:06,063 [INFO] PluginManage:359 - Loaded plugin pinoutconfig (category:base,tabindex:0)
2025-01-06 17:09:06,063 [INFO] PluginManage:310 - Check plugin power
2025-01-06 17:09:06,141 [INFO] PluginManage:359 - Loaded plugin power (category:power,tabindex:4)
2025-01-06 17:09:06,141 [INFO] PluginManage:310 - Check plugin projectmanager
2025-01-06 17:09:06,253 [INFO] PluginManage:359 - Loaded plugin projectmanager (category:projectmanager,tabindex:3)
2025-01-06 17:09:06,254 [INFO] PluginManage:310 - Check plugin thirdparty
2025-01-06 17:09:07,170 [INFO] PluginManage:359 - Loaded plugin thirdparty (category:base,tabindex:-1)
2025-01-06 17:09:07,170 [INFO] PluginManage:310 - Check plugin tools
2025-01-06 17:09:07,175 [WARN] IntegrityCheckThread:84 - waiting for thirdparty lock release [integrity check]
2025-01-06 17:09:07,177 [INFO] IntegrityCheckThread:86 - entering critical section [integrity check]
2025-01-06 17:09:07,179 [INFO] ThirdPartyUpdaterWithRetryManager:70 - Updater plugin not ready yet. [1/15]
2025-01-06 17:09:07,319 [INFO] PluginManage:359 - Loaded plugin tools (category:base,tabindex:7)
2025-01-06 17:09:07,319 [INFO] PluginManage:310 - Check plugin tutovideos
2025-01-06 17:09:07,911 [INFO] PluginManage:359 - Loaded plugin tutovideos (category:base,tabindex:-1)
2025-01-06 17:09:07,911 [INFO] PluginManage:310 - Check plugin updater
2025-01-06 17:09:07,939 [INFO] PluginManage:359 - Loaded plugin updater (category:base,tabindex:12)
2025-01-06 17:09:07,939 [INFO] PluginManage:310 - Check plugin userauth
2025-01-06 17:09:07,952 [INFO] UserAuth:114 - Init User Auth plugin
2025-01-06 17:09:07,953 [INFO] PluginManage:359 - Loaded plugin userauth (category:base,tabindex:14)
2025-01-06 17:09:07,954 [INFO] PluginManage:283 - PluginManage : Loaded plugins [17]
2025-01-06 17:09:09,275 [INFO] PinOutPanel:1561 - setPackage(No Configuration,No Configuration)
2025-01-06 17:09:09,556 [INFO] CADModel:165 - CPN selected for project level
2025-01-06 17:09:09,557 [INFO] CADModel:114 - Register for checkConnection events
2025-01-06 17:09:09,624 [INFO] IPUIPlugin:80 - create IPUIPlugin
2025-01-06 17:09:09,625 [INFO] PluginManager:220 - loadIPPluginJar : add adc
2025-01-06 17:09:09,751 [INFO] IPUIPlugin:80 - create IPUIPlugin
2025-01-06 17:09:09,751 [INFO] PluginManager:220 - loadIPPluginJar : add aes
2025-01-06 17:09:09,890 [INFO] IPUIPlugin:80 - create IPUIPlugin
2025-01-06 17:09:09,891 [INFO] PluginManager:220 - loadIPPluginJar : add can
2025-01-06 17:09:10,053 [INFO] IPUIPlugin:80 - create IPUIPlugin
2025-01-06 17:09:10,053 [INFO] PluginManager:220 - loadIPPluginJar : add comp
2025-01-06 17:09:10,181 [INFO] ThirdPartyUpdaterWithRetryManager:70 - Updater plugin not ready yet. [2/15]
2025-01-06 17:09:10,205 [INFO] IPUIPlugin:80 - create IPUIPlugin
2025-01-06 17:09:10,205 [INFO] PluginManager:220 - loadIPPluginJar : add cryp
2025-01-06 17:09:10,359 [INFO] IPUIPlugin:80 - create IPUIPlugin
2025-01-06 17:09:10,359 [INFO] PluginManager:220 - loadIPPluginJar : add dfsdm
2025-01-06 17:09:10,407 [INFO] IPUIPlugin:80 - create IPUIPlugin
2025-01-06 17:09:10,409 [INFO] PluginManager:220 - loadIPPluginJar : add dma
2025-01-06 17:09:10,616 [INFO] IPUIPlugin:80 - create IPUIPlugin
2025-01-06 17:09:10,617 [INFO] PluginManager:220 - loadIPPluginJar : add dma3
2025-01-06 17:09:10,807 [INFO] IPUIPlugin:80 - create IPUIPlugin
2025-01-06 17:09:10,808 [INFO] PluginManager:220 - loadIPPluginJar : add extmemmanager
2025-01-06 17:09:10,871 [INFO] IPUIPlugin:80 - create IPUIPlugin
2025-01-06 17:09:10,871 [INFO] PluginManager:220 - loadIPPluginJar : add fatfs
2025-01-06 17:09:11,078 [INFO] IPUIPlugin:80 - create IPUIPlugin
2025-01-06 17:09:11,079 [INFO] PluginManager:220 - loadIPPluginJar : add fmc
2025-01-06 17:09:11,123 [INFO] IPUIPlugin:80 - create IPUIPlugin
2025-01-06 17:09:11,124 [INFO] PluginManager:220 - loadIPPluginJar : add freertos
2025-01-06 17:09:11,199 [INFO] IPUIPlugin:80 - create IPUIPlugin
2025-01-06 17:09:11,200 [INFO] PluginManager:220 - loadIPPluginJar : add genericplugin
2025-01-06 17:09:12,880 [INFO] IPUIPlugin:80 - create IPUIPlugin
2025-01-06 17:09:12,881 [INFO] PluginManager:220 - loadIPPluginJar : add gfxmmu
2025-01-06 17:09:13,182 [INFO] ThirdPartyUpdaterWithRetryManager:70 - Updater plugin not ready yet. [3/15]
2025-01-06 17:09:13,464 [INFO] IPUIPlugin:80 - create IPUIPlugin
2025-01-06 17:09:13,464 [INFO] PluginManager:220 - loadIPPluginJar : add gic
2025-01-06 17:09:13,503 [INFO] IPUIPlugin:80 - create IPUIPlugin
2025-01-06 17:09:13,504 [INFO] PluginManager:220 - loadIPPluginJar : add gpio
2025-01-06 17:09:13,829 [INFO] IPUIPlugin:80 - create IPUIPlugin
2025-01-06 17:09:13,830 [INFO] PluginManager:220 - loadIPPluginJar : add gtzc
2025-01-06 17:09:13,940 [INFO] IPUIPlugin:80 - create IPUIPlugin
2025-01-06 17:09:13,940 [INFO] PluginManager:220 - loadIPPluginJar : add hash
2025-01-06 17:09:14,142 [INFO] IPUIPlugin:80 - create IPUIPlugin
2025-01-06 17:09:14,143 [INFO] PluginManager:220 - loadIPPluginJar : add i2c
2025-01-06 17:09:14,286 [INFO] IPUIPlugin:80 - create IPUIPlugin
2025-01-06 17:09:14,286 [INFO] PluginManager:220 - loadIPPluginJar : add i2s
2025-01-06 17:09:14,448 [INFO] IPUIPlugin:80 - create IPUIPlugin
2025-01-06 17:09:14,449 [INFO] PluginManager:220 - loadIPPluginJar : add i3c
2025-01-06 17:09:14,786 [INFO] IPUIPlugin:80 - create IPUIPlugin
2025-01-06 17:09:14,786 [INFO] PluginManager:220 - loadIPPluginJar : add ipddr
2025-01-06 17:09:15,226 [INFO] IPUIPlugin:80 - create IPUIPlugin
2025-01-06 17:09:15,227 [INFO] PluginManager:220 - loadIPPluginJar : add linkedlist
2025-01-06 17:09:15,382 [INFO] IPUIPlugin:80 - create IPUIPlugin
2025-01-06 17:09:15,383 [INFO] PluginManager:220 - loadIPPluginJar : add lorawan
2025-01-06 17:09:15,513 [INFO] IPUIPlugin:80 - create IPUIPlugin
2025-01-06 17:09:15,513 [INFO] PluginManager:220 - loadIPPluginJar : add ltdc
2025-01-06 17:09:15,551 [INFO] IPUIPlugin:80 - create IPUIPlugin
2025-01-06 17:09:15,551 [INFO] PluginManager:220 - loadIPPluginJar : add mdma
2025-01-06 17:09:15,593 [INFO] IPUIPlugin:80 - create IPUIPlugin
2025-01-06 17:09:15,593 [INFO] PluginManager:220 - loadIPPluginJar : add nvic
2025-01-06 17:09:15,878 [INFO] IPUIPlugin:80 - create IPUIPlugin
2025-01-06 17:09:15,880 [INFO] PluginManager:220 - loadIPPluginJar : add opamp
2025-01-06 17:09:16,183 [INFO] ThirdPartyUpdaterWithRetryManager:70 - Updater plugin not ready yet. [4/15]
2025-01-06 17:09:16,194 [INFO] IPUIPlugin:80 - create IPUIPlugin
2025-01-06 17:09:16,195 [INFO] PluginManager:220 - loadIPPluginJar : add openamp
2025-01-06 17:09:16,394 [INFO] IPUIPlugin:80 - create IPUIPlugin
2025-01-06 17:09:16,395 [INFO] PluginManager:220 - loadIPPluginJar : add pdm2pcm
2025-01-06 17:09:16,489 [INFO] IPUIPlugin:80 - create IPUIPlugin
2025-01-06 17:09:16,497 [INFO] PluginManager:220 - loadIPPluginJar : add plateformsettings
2025-01-06 17:09:16,759 [INFO] IPUIPlugin:80 - create IPUIPlugin
2025-01-06 17:09:16,767 [INFO] PluginManager:220 - loadIPPluginJar : add quadspi
2025-01-06 17:09:16,883 [INFO] IPUIPlugin:80 - create IPUIPlugin
2025-01-06 17:09:16,884 [INFO] PluginManager:220 - loadIPPluginJar : add resmgrutility
2025-01-06 17:09:17,037 [INFO] IPUIPlugin:80 - create IPUIPlugin
2025-01-06 17:09:17,038 [INFO] PluginManager:220 - loadIPPluginJar : add sai
2025-01-06 17:09:17,179 [INFO] IPUIPlugin:80 - create IPUIPlugin
2025-01-06 17:09:17,179 [INFO] PluginManager:220 - loadIPPluginJar : add spi
2025-01-06 17:09:17,400 [INFO] IPUIPlugin:80 - create IPUIPlugin
2025-01-06 17:09:17,400 [INFO] PluginManager:220 - loadIPPluginJar : add stm32_wpan
2025-01-06 17:09:17,476 [INFO] IPUIPlugin:80 - create IPUIPlugin
2025-01-06 17:09:17,477 [INFO] PluginManager:220 - loadIPPluginJar : add tim
2025-01-06 17:09:17,788 [INFO] IPUIPlugin:80 - create IPUIPlugin
2025-01-06 17:09:17,788 [INFO] PluginManager:220 - loadIPPluginJar : add touchsensing
2025-01-06 17:09:17,886 [INFO] IPUIPlugin:80 - create IPUIPlugin
2025-01-06 17:09:17,886 [INFO] PluginManager:220 - loadIPPluginJar : add tracer_emb
2025-01-06 17:09:17,958 [INFO] IPUIPlugin:80 - create IPUIPlugin
2025-01-06 17:09:17,959 [INFO] PluginManager:220 - loadIPPluginJar : add ts
2025-01-06 17:09:18,247 [INFO] IPUIPlugin:80 - create IPUIPlugin
2025-01-06 17:09:18,248 [INFO] PluginManager:220 - loadIPPluginJar : add tsc
2025-01-06 17:09:18,546 [INFO] IPUIPlugin:80 - create IPUIPlugin
2025-01-06 17:09:18,547 [INFO] PluginManager:220 - loadIPPluginJar : add ucpd
2025-01-06 17:09:19,201 [INFO] ThirdPartyUpdaterWithRetryManager:70 - Updater plugin not ready yet. [5/15]
2025-01-06 17:09:19,314 [INFO] IPUIPlugin:80 - create IPUIPlugin
2025-01-06 17:09:19,316 [INFO] PluginManager:220 - loadIPPluginJar : add usart
2025-01-06 17:09:19,929 [INFO] IPUIPlugin:80 - create IPUIPlugin
2025-01-06 17:09:19,930 [INFO] PluginManager:220 - loadIPPluginJar : add usbx
2025-01-06 17:09:20,410 [INFO] CADModel:165 - CPN selected for project level
2025-01-06 17:09:20,411 [INFO] CADModel:114 - Register for checkConnection events
2025-01-06 17:09:20,412 [FATAL] Updater:308 - Updater called before beeing initialized
2025-01-06 17:09:20,412 [ERROR] CADModel:125 - Updater not yet initialized, retry later 
2025-01-06 17:09:21,711 [INFO] CADModel:165 - CPN selected for project level
2025-01-06 17:09:21,712 [INFO] CADModel:114 - Register for checkConnection events
2025-01-06 17:09:21,713 [FATAL] Updater:308 - Updater called before beeing initialized
2025-01-06 17:09:21,714 [ERROR] CADModel:125 - Updater not yet initialized, retry later 
2025-01-06 17:09:21,726 [FATAL] Updater:308 - Updater called before beeing initialized
2025-01-06 17:09:22,313 [INFO] ThirdPartyUpdaterWithRetryManager:70 - Updater plugin not ready yet. [6/15]
2025-01-06 17:09:22,834 [FATAL] Updater:308 - Updater called before beeing initialized
2025-01-06 17:09:22,863 [INFO] DbMcusAds:53 - JSON generation date=Tue Dec 17 17:01:15 CET 2024 (1734451275222)
2025-01-06 17:09:22,864 [FATAL] Updater:308 - Updater called before beeing initialized
2025-01-06 17:09:23,389 [WARN] DetailPanel:346 - Failed to get advertising image, set to default
2025-01-06 17:09:25,079 [FATAL] Updater:308 - Updater called before beeing initialized
2025-01-06 17:09:25,084 [FATAL] Updater:308 - Updater called before beeing initialized
2025-01-06 17:09:25,085 [FATAL] Updater:308 - Updater called before beeing initialized
2025-01-06 17:09:25,085 [WARN] DetailPanel:346 - Failed to get advertising image, set to default
2025-01-06 17:09:25,087 [FATAL] Updater:308 - Updater called before beeing initialized
2025-01-06 17:09:25,376 [FATAL] Updater:308 - Updater called before beeing initialized
2025-01-06 17:09:25,377 [ERROR] IntegrityCheckThread:130 - Cannot retrieve database content from updater: error 21
2025-01-06 17:09:25,381 [INFO] ThirdParty:978 - Integrity check success = false
2025-01-06 17:09:25,392 [INFO] IntegrityCheckThread:100 - exiting critical section [integrity check]
2025-01-06 17:09:25,394 [INFO] IntegrityCheckThread:103 - End integrity checks thread
2025-01-06 17:09:25,746 [ERROR] Updater:1120 - MainUpdater not yet initialized. External WinMGr cannot be set.
2025-01-06 17:09:25,798 [INFO] Updater:1056 - Updater Version found : 6.11.1
2025-01-06 17:09:25,856 [INFO] ApplicationProperties:184 - Using Application install path: C:\ST\STM32CubeIDE_1.15.1\STM32CubeIDE\plugins\com.st.stm32cube.common.mx_6.11.1.202404110753
2025-01-06 17:09:27,157 [INFO] MainUpdater:2873 - connection check result : 10
2025-01-06 17:09:27,159 [INFO] MainUpdater:290 - Updater Check For Update Now.
2025-01-06 17:09:27,160 [INFO] MicroXplorer:498 - Change Database Version : DB.6.0.111
2025-01-06 17:09:27,242 [INFO] McuFinderGlobals:63 - Set McuFinder mode to 2 (CubeIDE integrated)
2025-01-06 17:09:27,243 [INFO] UserAuth:179 - activating auth plugin
2025-01-06 17:09:27,257 [INFO] UserAuth:415 - Internet connection configuration mode: 1
2025-01-06 17:09:27,336 [INFO] JxBrowserEngine:152 - Initiate JxBrowser Engine with user profile folder
2025-01-06 17:09:28,799 [INFO] CheckServerUpdateThread:120 - End of CheckServer Thread
2025-01-06 17:10:20,105 [INFO] WebApp:161 - Instantiating new browser for Auth
2025-01-06 17:10:24,116 [INFO] WebApp:779 - Register for checkConnection events
2025-01-06 17:10:24,117 [INFO] WebApp:414 - Apply proxy settings
2025-01-06 17:10:24,118 [INFO] WebApp:499 - Chromium requires no authentication
2025-01-06 17:10:24,144 [INFO] WebApp:442 - Direct internet connection detected
2025-01-06 17:10:24,896 [INFO] WebApp:192 - Starting web application
2025-01-06 17:10:24,897 [INFO] WebApp:544 - Web application path used C:\ST\STM32CubeIDE_1.15.1\STM32CubeIDE\plugins\com.st.stm32cube.common.mx_6.11.1.202404110753\db\plugins\mcufinder\reactClient1\index.html
2025-01-06 17:17:00,891 [INFO] McuFinderGlobals:63 - Set McuFinder mode to 2 (CubeIDE integrated)
2025-01-06 17:17:00,971 [INFO] MainUpdater:2873 - connection check result : 10
2025-01-06 17:17:00,993 [INFO] MainUpdater:2873 - connection check result : 10
2025-01-06 17:17:01,428 [INFO] MicroXplorer:468 - Change Database Path : 
2025-01-06 17:17:01,429 [INFO] MicroXplorer:498 - Change Database Version : DB.6.0.111
2025-01-06 17:17:01,449 [WARN] ThirdParty:871 - waiting for thirdparty lock release [close project]
2025-01-06 17:17:01,449 [INFO] ThirdParty:873 - entering critical section [close project]
2025-01-06 17:17:01,452 [INFO] ThirdParty:883 - exiting critical section [close project]
2025-01-06 17:17:01,458 [INFO] PinOutPanel:1561 - setPackage(No Configuration,No Configuration)
2025-01-06 17:17:01,468 [INFO] UtilMem:75 - Begin LoadConfig() Used Memory: 742917080 Bytes (1073741824)
2025-01-06 17:17:01,472 [INFO] MicroXplorer:468 - Change Database Path : 
2025-01-06 17:17:01,473 [INFO] MicroXplorer:498 - Change Database Version : DB.6.0.111
2025-01-06 17:17:01,473 [INFO] OpenFileManager:312 - Change cursor
2025-01-06 17:17:01,516 [WARN] IntegrityCheckThread:84 - waiting for thirdparty lock release [integrity check]
2025-01-06 17:17:01,516 [INFO] IntegrityCheckThread:86 - entering critical section [integrity check]
2025-01-06 17:17:03,194 [WARN] PackLoader:240 - Cannot read IP mode file for STMicroelectronics.FP-SNS-MOTENVWB1.1.4.0
2025-01-06 17:17:03,230 [WARN] PackLoader:240 - Cannot read IP mode file for STMicroelectronics.FP-ATR-ASTRA1.2.0.1
2025-01-06 17:17:03,269 [WARN] PackLoader:240 - Cannot read IP mode file for STMicroelectronics.X-CUBE-SMBUS.2.1.0
2025-01-06 17:17:03,315 [WARN] PackLoader:240 - Cannot read IP mode file for STMicroelectronics.X-CUBE-WB05N.1.1.0
2025-01-06 17:17:03,553 [WARN] PackLoader:240 - Cannot read IP mode file for STMicroelectronics.X-CUBE-MEMS1.9.2.0
2025-01-06 17:17:03,899 [WARN] PackLoader:240 - Cannot read IP mode file for STMicroelectronics.X-CUBE-TOUCHGFX.4.23.2
2025-01-06 17:17:03,983 [WARN] PackLoader:240 - Cannot read IP mode file for STMicroelectronics.X-CUBE-AZRTOS-F7.1.1.0
2025-01-06 17:17:04,035 [WARN] PackLoader:240 - Cannot read IP mode file for STMicroelectronics.X-CUBE-AI.7.1.0
2025-01-06 17:17:04,074 [WARN] PackLoader:240 - Cannot read IP mode file for STMicroelectronics.X-CUBE-TOUCHGFX.4.19.1
2025-01-06 17:17:04,111 [ERROR] RealEvaluatedCondition:428 - Found unsupported composite condition: GROUP='STM32_MetaDataManager' CLASS='Data Exchange'
2025-01-06 17:17:04,111 [ERROR] RealEvaluatedCondition:428 - Found unsupported composite condition: GROUP='STM32_MetaDataManager' CLASS='Data Exchange'
2025-01-06 17:17:04,113 [WARN] PackLoader:240 - Cannot read IP mode file for STMicroelectronics.FP-SNS-MOTENV1.4.3.1
2025-01-06 17:17:04,151 [WARN] PackLoader:240 - Cannot read IP mode file for STMicroelectronics.FP-SNS-FLIGHT1.5.0.1
2025-01-06 17:17:04,193 [WARN] PackLoader:240 - Cannot read IP mode file for STMicroelectronics.X-CUBE-BLE1.6.2.3
2025-01-06 17:17:04,350 [WARN] PackLoader:240 - Cannot read IP mode file for STMicroelectronics.X-CUBE-MEMS1.11.0.0
2025-01-06 17:17:04,706 [WARN] PackLoader:240 - Cannot read IP mode file for STMicroelectronics.X-CUBE-BLE1.6.2.4
2025-01-06 17:17:04,740 [WARN] PackLoader:240 - Cannot read IP mode file for STMicroelectronics.FP-SNS-FLIGHT1.5.0.2
2025-01-06 17:17:04,778 [WARN] PackLoader:240 - Cannot read IP mode file for STMicroelectronics.X-CUBE-BLE2.3.2.2
2025-01-06 17:17:04,822 [WARN] PackLoader:240 - Cannot read IP mode file for STMicroelectronics.X-CUBE-DISPLAY.3.0.0
2025-01-06 17:17:04,868 [WARN] PackLoader:240 - Cannot read IP mode file for STMicroelectronics.X-CUBE-BLE1.7.0.0
2025-01-06 17:17:04,911 [WARN] PackLoader:240 - Cannot read IP mode file for STMicroelectronics.X-CUBE-NFC10.1.0.0
2025-01-06 17:17:04,960 [WARN] PackLoader:240 - Cannot read IP mode file for STMicroelectronics.X-CUBE-BLEMGR.4.0.0
2025-01-06 17:17:05,007 [WARN] PackLoader:240 - Cannot read IP mode file for STMicroelectronics.X-CUBE-BLEMGR.3.1.0
2025-01-06 17:17:05,045 [WARN] PackLoader:240 - Cannot read IP mode file for STMicroelectronics.FP-SNS-SMARTAG2.1.2.0
2025-01-06 17:17:05,193 [WARN] PackLoader:240 - Cannot read IP mode file for STMicroelectronics.X-CUBE-MEMS1.11.1.0
2025-01-06 17:17:05,444 [INFO] LogOutputStream:77 - [STDOUT_REDIRECT] 1 : Invalid condition id : UX_CORESTACK_Condition cause : null
2025-01-06 17:17:05,446 [INFO] LogOutputStream:77 - [STDOUT_REDIRECT] 1 : Invalid condition id : UX_CORESTACK_Condition cause : null
2025-01-06 17:17:05,449 [INFO] LogOutputStream:77 - [STDOUT_REDIRECT] 1 : Invalid condition id : UX_CORESTACK_Condition cause : null
2025-01-06 17:17:05,452 [INFO] LogOutputStream:77 - [STDOUT_REDIRECT] 1 : Invalid condition id : UX_CORESTACK_Condition cause : null
2025-01-06 17:17:05,456 [INFO] LogOutputStream:77 - [STDOUT_REDIRECT] 1 : Invalid condition id : UX_CORESTACK_Condition cause : null
2025-01-06 17:17:05,463 [WARN] PackLoader:240 - Cannot read IP mode file for STMicroelectronics.X-CUBE-AZRTOS-WL.2.0.0
2025-01-06 17:17:05,499 [WARN] PackLoader:240 - Cannot read IP mode file for STMicroelectronics.FP-SNS-MOTENV1.5.0.0
2025-01-06 17:17:05,536 [WARN] PackLoader:240 - Cannot read IP mode file for wolfSSL.I-CUBE-wolfMQTT.1.19.0
2025-01-06 17:17:05,584 [WARN] PackLoader:240 - Cannot read IP mode file for WES.I-CUBE-Cesium.1.3.0
2025-01-06 17:17:05,623 [WARN] PackLoader:240 - Cannot read IP mode file for STMicroelectronics.X-CUBE-BLE2.3.3.0
2025-01-06 17:17:05,662 [WARN] PackLoader:240 - Cannot read IP mode file for STMicroelectronics.X-CUBE-DISPLAY.2.2.0
2025-01-06 17:17:05,707 [WARN] PackLoader:240 - Cannot read IP mode file for STMicroelectronics.X-CUBE-NFC9.1.0.0
2025-01-06 17:17:05,779 [WARN] PackLoader:240 - Cannot read IP mode file for STMicroelectronics.X-CUBE-AZRTOS-H7.2.1.0
2025-01-06 17:17:05,820 [WARN] PackLoader:240 - Cannot read IP mode file for STMicroelectronics.X-CUBE-TCPP.4.1.0
2025-01-06 17:17:05,861 [WARN] PackLoader:240 - Cannot read IP mode file for STMicroelectronics.X-CUBE-TOUCHGFX.4.21.4
2025-01-06 17:17:05,903 [WARN] PackLoader:240 - Cannot read IP mode file for STMicroelectronics.X-CUBE-ALGOBUILD.1.3.0
2025-01-06 17:17:05,966 [WARN] PackLoader:240 - Cannot read IP mode file for STMicroelectronics.X-CUBE-AZRTOS-G0.1.1.0
2025-01-06 17:17:06,015 [WARN] PackLoader:240 - Cannot read IP mode file for STMicroelectronics.X-CUBE-SAFEA1.1.2.2
2025-01-06 17:17:06,059 [WARN] PackLoader:240 - Cannot read IP mode file for STMicroelectronics.X-CUBE-NFC4.3.0.0
2025-01-06 17:17:06,194 [WARN] PackLoader:240 - Cannot read IP mode file for SEGGER.I-CUBE-embOS.1.2.0
2025-01-06 17:17:06,337 [WARN] PackLoader:240 - Cannot read IP mode file for EmbeddedOffice.I-CUBE-FS-RTOS.1.0.1
2025-01-06 17:17:06,338 [ERROR] ConditionMgr:805 - Attr not supported : Dmpu
2025-01-06 17:17:06,338 [ERROR] ConditionMgr:805 - Attr not supported : Dmpu
2025-01-06 17:17:06,339 [ERROR] ConditionMgr:805 - Attr not supported : Dmpu
2025-01-06 17:17:06,339 [ERROR] ConditionMgr:805 - Attr not supported : Dmpu
2025-01-06 17:17:06,339 [ERROR] ConditionMgr:805 - Attr not supported : Dmpu
2025-01-06 17:17:06,340 [ERROR] ConditionMgr:805 - Attr not supported : Dmpu
2025-01-06 17:17:06,340 [ERROR] ConditionMgr:805 - Attr not supported : Dmpu
2025-01-06 17:17:06,340 [ERROR] ConditionMgr:805 - Attr not supported : Dmpu
2025-01-06 17:17:06,340 [ERROR] ConditionMgr:805 - Attr not supported : Dmpu
2025-01-06 17:17:06,340 [ERROR] ConditionMgr:805 - Attr not supported : Dmpu
2025-01-06 17:17:06,341 [ERROR] ConditionMgr:805 - Attr not supported : Dmpu
2025-01-06 17:17:06,341 [ERROR] ConditionMgr:805 - Attr not supported : Dmpu
2025-01-06 17:17:06,341 [ERROR] ConditionMgr:805 - Attr not supported : Dmpu
2025-01-06 17:17:06,342 [ERROR] ConditionMgr:805 - Attr not supported : Dmpu
2025-01-06 17:17:06,342 [ERROR] ConditionMgr:805 - Attr not supported : Dmpu
2025-01-06 17:17:06,343 [ERROR] ConditionMgr:805 - Attr not supported : Dmpu
2025-01-06 17:17:06,343 [ERROR] ConditionMgr:805 - Attr not supported : Dmpu
2025-01-06 17:17:06,343 [ERROR] ConditionMgr:805 - Attr not supported : Dmpu
2025-01-06 17:17:06,343 [ERROR] ConditionMgr:805 - Attr not supported : Dmpu
2025-01-06 17:17:06,344 [ERROR] ConditionMgr:805 - Attr not supported : Dmpu
2025-01-06 17:17:06,344 [ERROR] ConditionMgr:805 - Attr not supported : Dmpu
2025-01-06 17:17:06,344 [ERROR] ConditionMgr:805 - Attr not supported : Dmpu
2025-01-06 17:17:06,344 [ERROR] ConditionMgr:805 - Attr not supported : Dmpu
2025-01-06 17:17:06,345 [ERROR] ConditionMgr:805 - Attr not supported : Dmpu
2025-01-06 17:17:06,345 [ERROR] ConditionMgr:805 - Attr not supported : Dmpu
2025-01-06 17:17:06,346 [ERROR] ConditionMgr:805 - Attr not supported : Dmpu
2025-01-06 17:17:06,346 [ERROR] ConditionMgr:805 - Attr not supported : Dmpu
2025-01-06 17:17:06,346 [ERROR] ConditionMgr:805 - Attr not supported : Dmpu
2025-01-06 17:17:06,346 [ERROR] ConditionMgr:805 - Attr not supported : Dmpu
2025-01-06 17:17:06,347 [ERROR] ConditionMgr:805 - Attr not supported : Dmpu
2025-01-06 17:17:06,347 [ERROR] ConditionMgr:805 - Attr not supported : Dmpu
2025-01-06 17:17:06,347 [ERROR] ConditionMgr:805 - Attr not supported : Dmpu
2025-01-06 17:17:06,348 [ERROR] ConditionMgr:805 - Attr not supported : Dmpu
2025-01-06 17:17:06,348 [ERROR] ConditionMgr:805 - Attr not supported : Dmpu
2025-01-06 17:17:06,348 [ERROR] ConditionMgr:805 - Attr not supported : Dmpu
2025-01-06 17:17:06,349 [ERROR] ConditionMgr:805 - Attr not supported : Dmpu
2025-01-06 17:17:06,349 [ERROR] ConditionMgr:805 - Attr not supported : Dmpu
2025-01-06 17:17:06,349 [ERROR] ConditionMgr:805 - Attr not supported : Dmpu
2025-01-06 17:17:06,350 [ERROR] ConditionMgr:805 - Attr not supported : Dmpu
2025-01-06 17:17:06,350 [ERROR] ConditionMgr:805 - Attr not supported : Dmpu
2025-01-06 17:17:06,351 [ERROR] ConditionMgr:805 - Attr not supported : Dmpu
2025-01-06 17:17:06,351 [ERROR] ConditionMgr:805 - Attr not supported : Dmpu
2025-01-06 17:17:06,351 [ERROR] ConditionMgr:805 - Attr not supported : Dmpu
2025-01-06 17:17:06,352 [ERROR] ConditionMgr:805 - Attr not supported : Dmpu
2025-01-06 17:17:06,352 [ERROR] ConditionMgr:805 - Attr not supported : Dmpu
2025-01-06 17:17:06,353 [ERROR] ConditionMgr:805 - Attr not supported : Dmpu
2025-01-06 17:17:06,353 [ERROR] ConditionMgr:805 - Attr not supported : Dmpu
2025-01-06 17:17:06,353 [ERROR] ConditionMgr:805 - Attr not supported : Dmpu
2025-01-06 17:17:06,354 [ERROR] ConditionMgr:805 - Attr not supported : Dmpu
2025-01-06 17:17:06,354 [ERROR] ConditionMgr:805 - Attr not supported : Dmpu
2025-01-06 17:17:06,355 [ERROR] ConditionMgr:805 - Attr not supported : Dmpu
2025-01-06 17:17:06,355 [ERROR] ConditionMgr:805 - Attr not supported : Dmpu
2025-01-06 17:17:06,355 [ERROR] ConditionMgr:805 - Attr not supported : Dmpu
2025-01-06 17:17:06,356 [ERROR] ConditionMgr:805 - Attr not supported : Dmpu
2025-01-06 17:17:06,356 [ERROR] ConditionMgr:805 - Attr not supported : Dmpu
2025-01-06 17:17:06,357 [ERROR] ConditionMgr:805 - Attr not supported : Dmpu
2025-01-06 17:17:06,357 [ERROR] ConditionMgr:805 - Attr not supported : Dmpu
2025-01-06 17:17:06,357 [ERROR] ConditionMgr:805 - Attr not supported : Dmpu
2025-01-06 17:17:06,358 [ERROR] ConditionMgr:805 - Attr not supported : Dmpu
2025-01-06 17:17:06,358 [ERROR] ConditionMgr:805 - Attr not supported : Dmpu
2025-01-06 17:17:06,358 [ERROR] ConditionMgr:805 - Attr not supported : Dmpu
2025-01-06 17:17:06,359 [ERROR] ConditionMgr:805 - Attr not supported : Dmpu
2025-01-06 17:17:06,359 [ERROR] ConditionMgr:805 - Attr not supported : Dmpu
2025-01-06 17:17:06,359 [ERROR] ConditionMgr:805 - Attr not supported : Dmpu
2025-01-06 17:17:06,392 [ERROR] Engine:466 - C:\Users\Marina\.stm32cubemx\thirdparties\pdsc\STMicroelectronics.X-CUBE-TCPP.4.2.0.pdsc: PDSC version is not supported
2025-01-06 17:17:06,434 [WARN] PackLoader:240 - Cannot read IP mode file for RealThread.X-CUBE-RT-Thread_Nano.4.1.1
2025-01-06 17:17:06,471 [WARN] PackLoader:240 - Cannot read IP mode file for STMicroelectronics.FP-ATR-SIGFOX1.3.2.0
2025-01-06 17:17:06,506 [WARN] ConditionMgr:438 - getConditionDescription Invalid condition id : Cortex-A Device cause : null
2025-01-06 17:17:06,570 [WARN] ConditionMgr:1039 - genDependencies : Invalid condition id : Cortex-A Device cause : null
2025-01-06 17:17:06,571 [WARN] ConditionMgr:1039 - genDependencies : Invalid condition id : Cortex-A Device cause : null
2025-01-06 17:17:06,571 [WARN] ConditionMgr:1039 - genDependencies : Invalid condition id : Cortex-A Device cause : null
2025-01-06 17:17:06,614 [WARN] PackLoader:240 - Cannot read IP mode file for STMicroelectronics.X-CUBE-EEPRMA1.5.1.0
2025-01-06 17:17:06,667 [WARN] PackLoader:240 - Cannot read IP mode file for emotas.I-CUBE-CANOPEN.1.1.2
2025-01-06 17:17:06,715 [WARN] PackLoader:240 - Cannot read IP mode file for ITTIA_DB.I-CUBE-ITTIADB.8.9.0
2025-01-06 17:17:06,806 [WARN] PackLoader:240 - Cannot read IP mode file for SEGGER.I-CUBE-embOS.1.3.1
2025-01-06 17:17:06,911 [WARN] PackLoader:240 - Cannot read IP mode file for STMicroelectronics.X-CUBE-ALGOBUILD.1.4.0
2025-01-06 17:17:06,950 [WARN] PackLoader:240 - Cannot read IP mode file for STMicroelectronics.X-CUBE-AI.9.1.0
2025-01-06 17:17:06,992 [WARN] PackLoader:240 - Cannot read IP mode file for STMicroelectronics.X-CUBE-TOF1.3.0.0
2025-01-06 17:17:07,036 [WARN] PackLoader:240 - Cannot read IP mode file for STMicroelectronics.X-CUBE-GNSS1.6.0.0
2025-01-06 17:17:07,108 [WARN] PackLoader:240 - Cannot read IP mode file for STMicroelectronics.X-CUBE-AZRTOS-F4.1.1.0
2025-01-06 17:17:07,153 [WARN] PackLoader:240 - Cannot read IP mode file for STMicroelectronics.X-CUBE-ISPU.2.1.0
2025-01-06 17:17:07,189 [WARN] PackLoader:240 - Cannot read IP mode file for STMicroelectronics.X-CUBE-FREERTOS.1.2.0
2025-01-06 17:17:07,257 [WARN] PackLoader:240 - Cannot read IP mode file for STMicroelectronics.X-CUBE-AZRTOS-L5.2.0.0
2025-01-06 17:17:07,449 [WARN] PackLoader:240 - Cannot read IP mode file for STMicroelectronics.X-CUBE-MEMS1.9.6.0
2025-01-06 17:17:07,832 [WARN] PackLoader:240 - Cannot read IP mode file for STMicroelectronics.X-CUBE-NFC6.3.1.0
2025-01-06 17:17:07,884 [WARN] PackLoader:240 - Cannot read IP mode file for STMicroelectronics.X-CUBE-BLEMGR.2.0.0
2025-01-06 17:17:07,930 [WARN] PackLoader:240 - Cannot read IP mode file for STMicroelectronics.X-CUBE-DPower.1.2.0
2025-01-06 17:17:07,974 [WARN] PackLoader:240 - Cannot read IP mode file for STMicroelectronics.X-CUBE-NFC4.2.0.4
2025-01-06 17:17:08,018 [WARN] PackLoader:240 - Cannot read IP mode file for STMicroelectronics.X-CUBE-AI.9.0.0
2025-01-06 17:17:08,115 [WARN] ConditionMgr:438 - getConditionDescription Invalid condition id : UX DEVICE CLASS RTOS Condition cause : null
2025-01-06 17:17:08,116 [WARN] ConditionMgr:438 - getConditionDescription Invalid condition id : UX DEVICE CLASS RTOS Condition cause : null
2025-01-06 17:17:08,124 [WARN] PackLoader:240 - Cannot read IP mode file for STMicroelectronics.X-CUBE-AZRTOS-H7.3.1.0
2025-01-06 17:17:08,127 [WARN] ConditionMgr:1039 - genDependencies : Invalid condition id : UX DEVICE CLASS RTOS Condition cause : null
2025-01-06 17:17:08,128 [WARN] ConditionMgr:1039 - genDependencies : Invalid condition id : UX DEVICE CLASS RTOS Condition cause : null
2025-01-06 17:17:08,136 [WARN] ConditionMgr:1039 - genDependencies : Invalid condition id : UX DEVICE CLASS RTOS Condition cause : null
2025-01-06 17:17:08,137 [WARN] ConditionMgr:1039 - genDependencies : Invalid condition id : UX DEVICE CLASS RTOS Condition cause : null
2025-01-06 17:17:08,137 [WARN] ConditionMgr:1039 - genDependencies : Invalid condition id : UX DEVICE CLASS RTOS Condition cause : null
2025-01-06 17:17:08,190 [WARN] PackLoader:240 - Cannot read IP mode file for STMicroelectronics.X-CUBE-SFXS2LP1.3.1.0
2025-01-06 17:17:08,270 [WARN] PackLoader:240 - Cannot read IP mode file for STMicroelectronics.X-CUBE-AZRTOS-F4.1.0.0
2025-01-06 17:17:08,337 [WARN] PackLoader:240 - Cannot read IP mode file for STMicroelectronics.X-CUBE-FREERTOS.1.3.0
2025-01-06 17:17:08,401 [WARN] PackLoader:240 - Cannot read IP mode file for STMicroelectronics.X-CUBE-NFC7.1.0.1
2025-01-06 17:17:08,445 [WARN] PackLoader:240 - Cannot read IP mode file for STMicroelectronics.X-CUBE-NFC7.1.0.0
2025-01-06 17:17:08,489 [WARN] PackLoader:240 - Cannot read IP mode file for wolfSSL.I-CUBE-wolfTPM.3.2.0
2025-01-06 17:17:08,529 [WARN] PackLoader:240 - Cannot read IP mode file for STMicroelectronics.X-CUBE-EEPRMA1.4.1.0
2025-01-06 17:17:08,584 [WARN] PackLoader:240 - Cannot read IP mode file for STMicroelectronics.X-CUBE-AI.8.1.0
2025-01-06 17:17:08,663 [WARN] PackLoader:240 - Cannot read IP mode file for STMicroelectronics.X-CUBE-AZRTOS-G0.1.0.0
2025-01-06 17:17:08,759 [WARN] ConditionMgr:438 - getConditionDescription Invalid condition id : LAN8742 Phy interface Condition cause : null
2025-01-06 17:17:08,761 [WARN] PackLoader:240 - Cannot read IP mode file for STMicroelectronics.X-CUBE-AZRTOS-L4.2.0.0
2025-01-06 17:17:08,764 [WARN] ConditionMgr:1039 - genDependencies : Invalid condition id : LAN8742 Phy interface Condition cause : null
2025-01-06 17:17:08,765 [WARN] ConditionMgr:1039 - genDependencies : Invalid condition id : LAN8742 Phy interface Condition cause : null
2025-01-06 17:17:08,766 [WARN] ConditionMgr:1039 - genDependencies : Invalid condition id : LAN8742 Phy interface Condition cause : null
2025-01-06 17:17:08,810 [WARN] PackLoader:240 - Cannot read IP mode file for STMicroelectronics.X-CUBE-SFXS2LP1.4.0.0
2025-01-06 17:17:08,849 [WARN] PackLoader:240 - Cannot read IP mode file for STMicroelectronics.X-CUBE-ISPU.1.1.0
2025-01-06 17:17:08,945 [WARN] PackLoader:240 - Cannot read IP mode file for STMicroelectronics.X-CUBE-AZRTOS-H7.3.3.0
2025-01-06 17:17:09,014 [WARN] PackLoader:240 - Cannot read IP mode file for RoweBots.I-CUBE-UNISONRTOS.5.5.0-4
2025-01-06 17:17:09,066 [WARN] PackLoader:240 - Cannot read IP mode file for STMicroelectronics.X-CUBE-IPS.3.0.0
2025-01-06 17:17:09,135 [WARN] ConditionMgr:438 - getConditionDescription Invalid condition id : UX DEVICE CLASS RTOS Condition cause : null
2025-01-06 17:17:09,136 [WARN] ConditionMgr:438 - getConditionDescription Invalid condition id : UX DEVICE CLASS RTOS Condition cause : null
2025-01-06 17:17:09,141 [WARN] PackLoader:240 - Cannot read IP mode file for STMicroelectronics.X-CUBE-AZRTOS-WB.2.0.0
2025-01-06 17:17:09,143 [WARN] ConditionMgr:1039 - genDependencies : Invalid condition id : UX DEVICE CLASS RTOS Condition cause : null
2025-01-06 17:17:09,143 [WARN] ConditionMgr:1039 - genDependencies : Invalid condition id : UX DEVICE CLASS RTOS Condition cause : null
2025-01-06 17:17:09,144 [WARN] ConditionMgr:1039 - genDependencies : Invalid condition id : UX DEVICE CLASS RTOS Condition cause : null
2025-01-06 17:17:09,145 [WARN] ConditionMgr:1039 - genDependencies : Invalid condition id : UX DEVICE CLASS RTOS Condition cause : null
2025-01-06 17:17:09,145 [WARN] ConditionMgr:1039 - genDependencies : Invalid condition id : UX DEVICE CLASS RTOS Condition cause : null
2025-01-06 17:17:09,181 [WARN] PackLoader:240 - Cannot read IP mode file for STMicroelectronics.X-CUBE-FREERTOS.1.0.1
2025-01-06 17:17:09,229 [WARN] PackLoader:240 - Cannot read IP mode file for STMicroelectronics.X-CUBE-GNSS1.7.0.0
2025-01-06 17:17:09,273 [WARN] PackLoader:240 - Cannot read IP mode file for STMicroelectronics.X-CUBE-GNSS1.7.0.1
2025-01-06 17:17:09,325 [WARN] PackLoader:240 - Cannot read IP mode file for STMicroelectronics.FP-SNS-STBOX1.2.0.0
2025-01-06 17:17:09,486 [WARN] PackLoader:240 - Cannot read IP mode file for STMicroelectronics.X-CUBE-AZRTOS-L5.1.1.0
2025-01-06 17:17:09,537 [WARN] PackLoader:240 - Cannot read IP mode file for STMicroelectronics.X-CUBE-AI.8.0.1
2025-01-06 17:17:09,589 [WARN] PackLoader:240 - Cannot read IP mode file for STMicroelectronics.X-CUBE-SUBG2.5.0.0
2025-01-06 17:17:09,657 [WARN] PackLoader:240 - Cannot read IP mode file for Cesanta.I-CUBE-Mongoose.7.13.0
2025-01-06 17:17:09,725 [WARN] PackLoader:240 - Cannot read IP mode file for STMicroelectronics.X-CUBE-AZRTOS-G4.2.0.0
2025-01-06 17:17:09,777 [WARN] PackLoader:240 - Cannot read IP mode file for STMicroelectronics.X-CUBE-TOF1.3.3.0
2025-01-06 17:17:09,822 [WARN] PackLoader:240 - Cannot read IP mode file for STMicroelectronics.FP-SNS-MOTENVWB1.1.3.1
2025-01-06 17:17:09,885 [WARN] PackLoader:240 - Cannot read IP mode file for STMicroelectronics.X-CUBE-AZRTOS-G4.1.0.0
2025-01-06 17:17:09,928 [WARN] PackLoader:240 - Cannot read IP mode file for wolfSSL.I-CUBE-wolfSSL.5.3.0
2025-01-06 17:17:09,991 [WARN] PackLoader:240 - Cannot read IP mode file for STMicroelectronics.X-CUBE-AZRTOS-L4.1.0.0
2025-01-06 17:17:10,032 [WARN] PackLoader:240 - Cannot read IP mode file for STMicroelectronics.X-CUBE-ISPU.2.0.0
2025-01-06 17:17:10,069 [WARN] PackLoader:240 - Cannot read IP mode file for STMicroelectronics.X-CUBE-ALS.1.0.2
2025-01-06 17:17:10,212 [WARN] PackLoader:240 - Cannot read IP mode file for STMicroelectronics.X-CUBE-MEMS1.10.0.0
2025-01-06 17:17:10,465 [WARN] PackLoader:240 - Cannot read IP mode file for STMicroelectronics.X-CUBE-FREERTOS.1.1.0
2025-01-06 17:17:10,501 [WARN] PackLoader:240 - Cannot read IP mode file for STMicroelectronics.X-CUBE-TOUCHGFX.4.24.0
2025-01-06 17:17:10,570 [WARN] PackLoader:240 - Cannot read IP mode file for STMicroelectronics.X-CUBE-AZRTOS-F7.1.0.0
2025-01-06 17:17:10,670 [WARN] PackLoader:240 - Cannot read IP mode file for STMicroelectronics.X-CUBE-AZRTOS-WL.1.0.0
2025-01-06 17:17:10,706 [WARN] PackLoader:240 - Cannot read IP mode file for STMicroelectronics.X-CUBE-TOUCHGFX.4.24.1
2025-01-06 17:17:10,774 [WARN] PackLoader:240 - Cannot read IP mode file for portGmbH.I-Cube-SoM-uGOAL.1.1.0
2025-01-06 17:17:10,810 [WARN] PackLoader:240 - Cannot read IP mode file for STMicroelectronics.X-CUBE-ALS.1.0.1
2025-01-06 17:17:10,867 [WARN] PackLoader:240 - Cannot read IP mode file for STMicroelectronics.X-CUBE-AZRTOS-WB.1.1.0
2025-01-06 17:17:10,931 [WARN] PackLoader:240 - Cannot read IP mode file for STMicroelectronics.X-CUBE-AZRTOS-L5.1.0.0
2025-01-06 17:17:10,973 [WARN] PackLoader:240 - Cannot read IP mode file for STMicroelectronics.X-CUBE-EEPRMA1.3.1.1
2025-01-06 17:17:11,066 [WARN] PackLoader:240 - Cannot read IP mode file for STMicroelectronics.X-CUBE-AZRTOS-H7RS.1.0.0
2025-01-06 17:17:11,117 [WARN] PackLoader:240 - Cannot read IP mode file for STMicroelectronics.X-CUBE-GNSS1.5.2.0
2025-01-06 17:17:11,155 [WARN] PackLoader:240 - Cannot read IP mode file for STMicroelectronics.FP-ATR-ASTRA1.2.0.0
2025-01-06 17:17:11,204 [WARN] PackLoader:240 - Cannot read IP mode file for STMicroelectronics.X-CUBE-TOF1.3.4.2
2025-01-06 17:17:11,300 [WARN] PackLoader:240 - Cannot read IP mode file for STMicroelectronics.X-CUBE-TOF1.3.4.1
2025-01-06 17:17:11,405 [WARN] PackLoader:240 - Cannot read IP mode file for STMicroelectronics.X-CUBE-AZRTOS-H7.3.2.0
2025-01-06 17:17:11,498 [WARN] PackLoader:240 - Cannot read IP mode file for Infineon.AIROC-Wi-Fi-Bluetooth-STM32.1.6.0
2025-01-06 17:17:11,542 [WARN] PackLoader:240 - Cannot read IP mode file for wolfSSL.I-CUBE-wolfSSH.1.4.17
2025-01-06 17:17:11,543 [INFO] ThirdParty:978 - Integrity check success = true
2025-01-06 17:17:11,544 [INFO] IntegrityCheckThread:100 - exiting critical section [integrity check]
2025-01-06 17:17:11,545 [INFO] IntegrityCheckThread:103 - End integrity checks thread
2025-01-06 17:17:11,999 [INFO] Mcu:2021 - Initializing MCU STM32C011F(4-6)Px STM32C011F6Px STM32C011F6P6
2025-01-06 17:17:17,054 [INFO] Context:663 - Trying to add GPIOservice into a context  which must be forbidden
2025-01-06 17:17:19,305 [WARN] ModelIntegratedComponent:63 - No mode defined for component null
2025-01-06 17:17:19,305 [WARN] ModelIntegratedComponent:63 - No mode defined for component null
2025-01-06 17:17:19,305 [WARN] ModelIntegratedComponent:63 - No mode defined for component null
2025-01-06 17:17:19,306 [WARN] ModelIntegratedComponent:63 - No mode defined for component null
2025-01-06 17:17:19,306 [WARN] ModelIntegratedComponent:63 - No mode defined for component null
2025-01-06 17:17:19,306 [WARN] ModelIntegratedComponent:63 - No mode defined for component null
2025-01-06 17:17:19,307 [WARN] ModelIntegratedComponent:63 - No mode defined for component null
2025-01-06 17:17:19,307 [WARN] ModelIntegratedComponent:63 - No mode defined for component null
2025-01-06 17:17:19,307 [WARN] ModelIntegratedComponent:63 - No mode defined for component null
2025-01-06 17:17:19,307 [WARN] ModelIntegratedComponent:63 - No mode defined for component null
2025-01-06 17:17:19,307 [WARN] ModelIntegratedComponent:63 - No mode defined for component null
2025-01-06 17:17:19,308 [WARN] ModelIntegratedComponent:63 - No mode defined for component null
2025-01-06 17:17:19,308 [WARN] ModelIntegratedComponent:63 - No mode defined for component null
2025-01-06 17:17:19,308 [WARN] ModelIntegratedComponent:63 - No mode defined for component null
2025-01-06 17:17:19,308 [WARN] ModelIntegratedComponent:63 - No mode defined for component null
2025-01-06 17:17:19,308 [WARN] ModelIntegratedComponent:63 - No mode defined for component null
2025-01-06 17:17:19,309 [WARN] ModelIntegratedComponent:63 - No mode defined for component null
2025-01-06 17:17:19,309 [WARN] ModelIntegratedComponent:63 - No mode defined for component null
2025-01-06 17:17:19,309 [WARN] ModelIntegratedComponent:63 - No mode defined for component null
2025-01-06 17:17:19,309 [WARN] ModelIntegratedComponent:63 - No mode defined for component null
2025-01-06 17:17:19,309 [WARN] ModelIntegratedComponent:63 - No mode defined for component null
2025-01-06 17:17:19,310 [WARN] ModelIntegratedComponent:63 - No mode defined for component null
2025-01-06 17:17:19,310 [WARN] ModelIntegratedComponent:63 - No mode defined for component null
2025-01-06 17:17:19,310 [WARN] ModelIntegratedComponent:63 - No mode defined for component null
2025-01-06 17:17:19,310 [WARN] ModelIntegratedComponent:63 - No mode defined for component null
2025-01-06 17:17:19,310 [WARN] ModelIntegratedComponent:63 - No mode defined for component null
2025-01-06 17:17:19,310 [WARN] ModelIntegratedComponent:63 - No mode defined for component null
2025-01-06 17:17:19,311 [WARN] ModelIntegratedComponent:63 - No mode defined for component null
2025-01-06 17:17:19,311 [WARN] ModelIntegratedComponent:63 - No mode defined for component null
2025-01-06 17:17:19,311 [WARN] ModelIntegratedComponent:63 - No mode defined for component null
2025-01-06 17:17:19,312 [WARN] ModelIntegratedComponent:63 - No mode defined for component null
2025-01-06 17:17:19,312 [WARN] ModelIntegratedComponent:63 - No mode defined for component null
2025-01-06 17:17:19,312 [WARN] ModelIntegratedComponent:63 - No mode defined for component null
2025-01-06 17:17:19,313 [WARN] ModelIntegratedComponent:63 - No mode defined for component null
2025-01-06 17:17:19,746 [INFO] RtosManager:555 - Registered RTOS mode: class=RTOS, group=ThreadX, mode=Core, owner=THREADX
2025-01-06 17:17:19,804 [INFO] ThirdPartyModel:298 - Start build external matchings
2025-01-06 17:17:34,497 [INFO] ThirdPartyModel:316 - End build external matchings
2025-01-06 17:17:35,824 [INFO] ApiDb:581 - Connected to CubeFinder SQLite database (C:\Users\Marina\.stmcufinder\plugins\mcufinder\mcu\cube-finder-db.db)
2025-01-06 17:17:36,119 [INFO] ApiDb:668 - CubeFinder database Data Model version=2.1
2025-01-06 17:17:36,120 [INFO] ApiDb:669 - CubeFinder database Configuration version=3.0.39
2025-01-06 17:17:36,122 [INFO] ApiDb:670 - CubeFinder database generation date=2024-12-10 (1733817889)
2025-01-06 17:17:36,122 [INFO] ApiDb:671 - CubeFinder database FW Pack versions=[FP-ATR-ASTRA1_V2.0.0, FP-SNS-FLIGHT1_V5.0.2, FP-SNS-MOTENV1_V5.0.0, FP-SNS-MOTENVWB1_V1.4.0, FP-SNS-SMARTAG2_V1.2.0, FP-SNS-STBOX1_V2.0.0, STM32Cube_FW_C0_V1.3.0, STM32Cube_FW_F4_V1.28.1, STM32Cube_FW_F7_V1.17.2, STM32Cube_FW_G0_V1.6.2, STM32Cube_FW_G4_V1.6.1, STM32Cube_FW_H5_V1.4.0, STM32Cube_FW_H7RS_V1.1.0, STM32Cube_FW_H7_V1.12.0, STM32Cube_FW_L0_V1.12.2, STM32Cube_FW_L4_V1.18.1, STM32Cube_FW_L5_V1.5.1, STM32Cube_FW_N6_V1.0.0, STM32Cube_FW_U0_V1.2.0, STM32Cube_FW_U3_V1.0.0, STM32Cube_FW_U5_V1.7.0, STM32Cube_FW_WB0_V1.1.0, STM32Cube_FW_WBA_V1.5.0, STM32Cube_FW_WB_V1.21.0, STM32Cube_FW_WL3_V1.0.0, STM32Cube_FW_WL_V1.3.0, X-CUBE-ALGOBUILD_V1.4.0, X-CUBE-ALS_V1.0.2, X-CUBE-AZRTOS-F4_V1.1.0, X-CUBE-AZRTOS-F7_V1.1.0, X-CUBE-AZRTOS-G0_V1.1.0, X-CUBE-AZRTOS-G4_V2.0.0, X-CUBE-AZRTOS-H7RS_V1.0.0, X-CUBE-AZRTOS-H7_V3.3.0, X-CUBE-AZRTOS-L4_V2.0.0, X-CUBE-AZRTOS-L5_V2.0.0, X-CUBE-AZRTOS-WB_V2.0.0, X-CUBE-AZRTOS-WL_V2.0.0, X-CUBE-BLE1_V7.0.0, X-CUBE-BLE2_V3.3.0, X-CUBE-BLEMGR_V3.1.0, X-CUBE-EEPRMA1_V5.1.0, X-CUBE-FREERTOS_V1.2.0, X-CUBE-GNSS1_V6.0.0, X-CUBE-MEMS1_V11.0.0, X-CUBE-NFC4_V3.0.0, X-CUBE-NFC7_V1.0.1, X-CUBE-SFXS2LP1_V4.0.0, X-CUBE-SUBG2_V5.0.0, X-CUBE-TOF1_V3.4.2]
2025-01-06 17:17:36,463 [INFO] DbBoardsSqlite:226 - include board P-NUCLEO-WB55-NUCLEO as a kit item of type 'Nucleo-64'
2025-01-06 17:17:36,464 [INFO] DbBoardsSqlite:226 - include board P-NUCLEO-WB55-USBDONGLE as a kit item of type 'Nucleo USB Dongle'
2025-01-06 17:17:36,467 [INFO] DbBoardsSqlite:226 - include board STEVAL-IDP005V1 as a kit item of type 'Evaluation Board'
2025-01-06 17:17:36,469 [INFO] DbBoardsSqlite:226 - include board STEVAL-IDP005V2 as a kit item of type 'Evaluation Board'
2025-01-06 17:17:37,439 [INFO] ApiDb:240 - Found 483 in-development CPN: [B-G473E-ZEST1S, B-WB1M-WPAN1, B-WL5M-SUBG1, NUCLEO-C031C6, NUCLEO-H503RB, NUCLEO-H533RE, NUCLEO-H563ZI, NUCLEO-H7S3L8, NUCLEO-U031R8, NUCLEO-U083RC, NUCLEO-U545RE-Q, NUCLEO-U5A5ZJ-Q, NUCLEO-WBA52CG, NUCLEO-WBA55CG, STEVAL-PROTEUS1, STEVAL-SMARTAG2, STEVAL-STWINBX1, STM320518-EVAL, STM32C0116-DK, STM32C011D6Y3TR, STM32C011D6Y6TR, STM32C011F4P3, STM32C011F4P6, STM32C011F4U3, STM32C011F4U6TR, STM32C011F6P3, STM32C011F6P6, STM32C011F6U3, STM32C011F6U6TR, STM32C011J4M3, STM32C011J4M6, STM32C011J6M3, STM32C011J6M6, STM32C0316-DK, STM32C031C4T3, STM32C031C4T6, STM32C031C4U3, STM32C031C4U6, STM32C031C6T3, STM32C031C6T6, STM32C031C6U3, STM32C031C6U6, STM32C031F4P3, STM32C031F4P6, STM32C031F6P3, STM32C031F6P6, STM32C031G4U3, STM32C031G4U6, STM32C031G6U3, STM32C031G6U6, STM32C031K4T3, STM32C031K4T6, STM32C031K4U3, STM32C031K4U6, STM32C031K6T3, STM32C031K6T6, STM32C031K6U3, STM32C031K6U6, STM32G071K8TXN, STM32G071K8UXN, STM32G081GBU6N, STM32G081KBT6N, STM32G081KBUXN, STM32G0B1CCT6N, STM32G0B1KCT6, STM32G0B1NEY6TR, STM32G0B1RCT6N, STM32G0C1CCT6, STM32G0C1CCT6N, STM32G0C1CCU6N, STM32G0C1CET6N, STM32G0C1CEU6N, STM32G0C1KCT6, STM32G0C1NEY6TR, STM32G0C1RCI6N, STM32G0C1RCT6N, STM32G0C1REI6N, STM32G0C1RET6N, STM32G0C1VCI6, STM32G0C1VEI6, STM32G471CCT6, STM32G471CCU6, STM32G471CET3, STM32G471CET6, STM32G471CEU3, STM32G471CEU6, STM32G471MCT6, STM32G471MET3, STM32G471MET6, STM32G471MEY6TR, STM32G471QCT6, STM32G471QET3, STM32G471RCT6, STM32G471RET3, STM32G471RET6, STM32G471VCH6, STM32G471VCI6, STM32G471VCT6, STM32G471VEH3, STM32G471VEH6, STM32G471VEI3, STM32G471VEI6, STM32G471VET3, STM32G471VET6, STM32G474CCT6, STM32H503CBT6, STM32H503CBU6, STM32H503EBY6TR, STM32H503KBU6, STM32H503RBT6, STM32H523CCT6, STM32H523CCU6, STM32H523CET6, STM32H523CEU6, STM32H523HEY6TR, STM32H523RCT6, STM32H523RET6, STM32H523VCI6, STM32H523VCT6, STM32H523VEI6, STM32H523VET6, STM32H523ZCJ6, STM32H523ZCT6, STM32H523ZEJ6, STM32H523ZET6, STM32H533CET6, STM32H533CEU6, STM32H533HEY6TR, STM32H533RET6, STM32H533VEI6, STM32H533VET6, STM32H533ZEJ6, STM32H533ZET6, STM32H562AGI6, STM32H562AII6, STM32H562IGK6, STM32H562IGT6, STM32H562IIK6, STM32H562IIT6, STM32H562RGT6, STM32H562RGV6, STM32H562RIT6, STM32H562RIV6, STM32H562VGT6, STM32H562VIT6, STM32H562ZGT6, STM32H562ZIT6, STM32H563AGI6, STM32H563AII3Q, STM32H563AII6, STM32H563IGK6, STM32H563IGT6, STM32H563IIK3Q, STM32H563IIK6, STM32H563IIT3Q, STM32H563IIT6, STM32H563MIY3QTR, STM32H563RGT6, STM32H563RGV6, STM32H563RIT6, STM32H563RIV6, STM32H563VGT6, STM32H563VIT3Q, STM32H563VIT6, STM32H563ZGT6, STM32H563ZIT3Q, STM32H563ZIT6, STM32H573AII3Q, STM32H573AII6, STM32H573I-DK, STM32H573IIK3Q, STM32H573IIK6, STM32H573IIT3Q, STM32H573IIT6, STM32H573MIY3QTR, STM32H573RIT6, STM32H573RIV6, STM32H573VIT3Q, STM32H573VIT6, STM32H573ZIT3Q, STM32H573ZIT6, STM32H7R3A8I6, STM32H7R3I8K6, STM32H7R3I8T6, STM32H7R3L8H6, STM32H7R3L8H6H, STM32H7R3R8V6, STM32H7R3V8H6, STM32H7R3V8T6, STM32H7R3V8Y6, STM32H7R3Z8J6, STM32H7R3Z8T6, STM32H7R7A8I6, STM32H7R7I8K6, STM32H7R7I8T6, STM32H7R7L8H6, STM32H7R7L8H6H, STM32H7R7Z8J6, STM32H7S3A8I6, STM32H7S3I8K6, STM32H7S3I8T6, STM32H7S3L8H6, STM32H7S3L8H6H, STM32H7S3R8V6, STM32H7S3V8H6, STM32H7S3V8T6, STM32H7S3V8Y6, STM32H7S3Z8J6, STM32H7S3Z8T6, STM32H7S78-DK, STM32H7S7A8I6, STM32H7S7I8K6, STM32H7S7I8T6, STM32H7S7L8H6, STM32H7S7L8H6H, STM32H7S7Z8J6, STM32L4R5QGI6STR, STM32MP131AAE3, STM32MP131AAF3, STM32MP131AAG3, STM32MP131CAE3, STM32MP131CAF3, STM32MP131CAG3, STM32MP131DAE7, STM32MP131DAF7, STM32MP131DAG7, STM32MP131FAE7, STM32MP131FAF7, STM32MP131FAG7, STM32MP133AAE3, STM32MP133AAF3, STM32MP133AAG3, STM32MP133CAE3, STM32MP133CAF3, STM32MP133CAG3, STM32MP133DAE7, STM32MP133DAF7, STM32MP133DAG7, STM32MP133FAE7, STM32MP133FAF7, STM32MP133FAG7, STM32MP135AAE3, STM32MP135AAF3, STM32MP135AAG3, STM32MP135CAE3, STM32MP135CAF3, STM32MP135CAG3, STM32MP135DAE7, STM32MP135DAF7, STM32MP135DAG7, STM32MP135F-DK, STM32MP135FAE7, STM32MP135FAF7, STM32MP135FAF7T, STM32MP135FAF7U, STM32MP135FAG7, STM32U031C6T6, STM32U031C6U6, STM32U031C8T6, STM32U031C8U6, STM32U031F4P6, STM32U031F6P6, STM32U031F8P6, STM32U031G6Y6TR, STM32U031G8Y6TR, STM32U031K4U6, STM32U031K6U6, STM32U031K8U6, STM32U031R6I6, STM32U031R6T6, STM32U031R8I6, STM32U031R8T6, STM32U073C8T6, STM32U073C8U6, STM32U073CBT6, STM32U073CBU6, STM32U073CCT6, STM32U073CCU6, STM32U073H8Y6TR, STM32U073HBY6TR, STM32U073HCY6TR, STM32U073K8U6, STM32U073KBU6, STM32U073KCU6, STM32U073M8I6, STM32U073M8T6, STM32U073MBI6, STM32U073MBT6, STM32U073MCI6, STM32U073MCT6, STM32U073R8I6, STM32U073R8T6, STM32U073RBI6, STM32U073RBT6, STM32U073RCI6, STM32U073RCT6, STM32U083C-DK, STM32U083CCT6, STM32U083CCU6, STM32U083HCY6TR, STM32U083KCU6, STM32U083MCI6, STM32U083MCT6, STM32U083RCI6, STM32U083RCT6, STM32U535CBT6, STM32U535CBT6Q, STM32U535CBU6, STM32U535CBU6Q, STM32U535CCT6, STM32U535CCT6Q, STM32U535CCU6, STM32U535CCU6Q, STM32U535CET6, STM32U535CET6Q, STM32U535CEU6, STM32U535CEU6Q, STM32U535JEY6QTR, STM32U535NCY6QTR, STM32U535NEY6QTR, STM32U535RBI6, STM32U535RBI6Q, STM32U535RBT6, STM32U535RBT6Q, STM32U535RCI6, STM32U535RCI6Q, STM32U535RCT6, STM32U535RCT6Q, STM32U535REI6, STM32U535REI6Q, STM32U535RET6, STM32U535RET6Q, STM32U535VCI6, STM32U535VCI6Q, STM32U535VCT6, STM32U535VCT6Q, STM32U535VEI6, STM32U535VEI6Q, STM32U535VET6, STM32U535VET6Q, STM32U545CET6, STM32U545CET6Q, STM32U545CEU6, STM32U545CEU6Q, STM32U545JEY6QTR, STM32U545NEY6QTR, STM32U545REI6, STM32U545REI6Q, STM32U545RET6, STM32U545RET6Q, STM32U545VEI6, STM32U545VEI6Q, STM32U545VET6, STM32U545VET6Q, STM32U595AIH6, STM32U595AIH6Q, STM32U595AJH6, STM32U595AJH6Q, STM32U595QII6, STM32U595QII6Q, STM32U595QJI6, STM32U595QJI6Q, STM32U595RIT6, STM32U595RIT6Q, STM32U595RJT6, STM32U595RJT6Q, STM32U595VIT6, STM32U595VIT6Q, STM32U595VJT6, STM32U595VJT6Q, STM32U595ZIT6, STM32U595ZIT6Q, STM32U595ZIY6QTR, STM32U595ZJT6, STM32U595ZJT6Q, STM32U595ZJY6QTR, STM32U599BJY6QTR, STM32U599NIH6Q, STM32U599NJH6Q, STM32U599VIT6Q, STM32U599VJT6, STM32U599VJT6Q, STM32U599ZIT6Q, STM32U599ZIY6QTR, STM32U599ZJT6Q, STM32U599ZJY6QTR, STM32U5A5AJH6, STM32U5A5AJH6Q, STM32U5A5QII3Q , STM32U5A5QJI6, STM32U5A5QJI6Q, STM32U5A5RJT6, STM32U5A5RJT6Q, STM32U5A5VJT6, STM32U5A5VJT6Q, STM32U5A5ZJT6, STM32U5A5ZJT6Q, STM32U5A5ZJY6QTR, STM32U5A9BJY6QTR, STM32U5A9J-DK, STM32U5A9NJH6Q, STM32U5A9VJT6Q, STM32U5A9ZJT6Q, STM32U5A9ZJY6QTR, STM32U5F7VIT6, STM32U5F7VIT6Q, STM32U5F7VJT6, STM32U5F7VJT6Q, STM32U5F9BJY6QTR, STM32U5F9NJH6Q, STM32U5F9VIT6Q, STM32U5F9VJT6Q, STM32U5F9ZIJ6QTR, STM32U5F9ZIT6Q, STM32U5F9ZJJ6QTR, STM32U5F9ZJT6Q, STM32U5G7VJT6, STM32U5G7VJT6Q, STM32U5G9BJY6QTR, STM32U5G9J-DK1, STM32U5G9J-DK2, STM32U5G9NJH6Q, STM32U5G9VJT6Q, STM32U5G9ZJJ6QTR, STM32U5G9ZJT6Q, STM32WB1MMCH6, STM32WBA50KEU6, STM32WBA50KEU6TR, STM32WBA50KGU6, STM32WBA50KGU6TR, STM32WBA52CEU6, STM32WBA52CEU6TR, STM32WBA52CEU7, STM32WBA52CEU7TR, STM32WBA52CGU6, STM32WBA52CGU6TR, STM32WBA52CGU6U, STM32WBA52CGU7, STM32WBA52CGU7TR, STM32WBA52KEU6, STM32WBA52KEU6TR, STM32WBA52KGU6, STM32WBA52KGU6TR, STM32WBA54CEU6, STM32WBA54CEU6TR, STM32WBA54CEU7, STM32WBA54CEU7TR, STM32WBA54CGU6, STM32WBA54CGU6TR, STM32WBA54CGU7, STM32WBA54CGU7TR, STM32WBA54KEU6, STM32WBA54KEU6TR, STM32WBA54KEU7, STM32WBA54KEU7TR, STM32WBA54KGU6, STM32WBA54KGU6TR, STM32WBA54KGU7, STM32WBA54KGU7TR, STM32WBA55CEU6, STM32WBA55CEU6TR, STM32WBA55CEU7, STM32WBA55CEU7TR, STM32WBA55CGU6, STM32WBA55CGU6TR, STM32WBA55CGU6U, STM32WBA55CGU7, STM32WBA55CGU7TR, STM32WBA55G-DK1, STM32WBA55HEF6, STM32WBA55HEF7, STM32WBA55HGF6, STM32WBA55HGF7, STM32WBA55UEI6, STM32WBA55UEI6TR, STM32WBA55UEI7, STM32WBA55UEI7TR, STM32WBA55UGI6, STM32WBA55UGI6TR, STM32WBA55UGI7, STM32WBA55UGI7TR, STM32WL5MOCH6, STM32WL5MOCH6TR]
2025-01-06 17:17:37,445 [INFO] ApiDb:668 - CubeFinder database Data Model version=2.1
2025-01-06 17:17:37,446 [INFO] ApiDb:669 - CubeFinder database Configuration version=3.0.39
2025-01-06 17:17:37,446 [INFO] ApiDb:670 - CubeFinder database generation date=2024-12-10 (1733817889)
2025-01-06 17:17:37,446 [INFO] ApiDb:671 - CubeFinder database FW Pack versions=[FP-ATR-ASTRA1_V2.0.0, FP-SNS-FLIGHT1_V5.0.2, FP-SNS-MOTENV1_V5.0.0, FP-SNS-MOTENVWB1_V1.4.0, FP-SNS-SMARTAG2_V1.2.0, FP-SNS-STBOX1_V2.0.0, STM32Cube_FW_C0_V1.3.0, STM32Cube_FW_F4_V1.28.1, STM32Cube_FW_F7_V1.17.2, STM32Cube_FW_G0_V1.6.2, STM32Cube_FW_G4_V1.6.1, STM32Cube_FW_H5_V1.4.0, STM32Cube_FW_H7RS_V1.1.0, STM32Cube_FW_H7_V1.12.0, STM32Cube_FW_L0_V1.12.2, STM32Cube_FW_L4_V1.18.1, STM32Cube_FW_L5_V1.5.1, STM32Cube_FW_N6_V1.0.0, STM32Cube_FW_U0_V1.2.0, STM32Cube_FW_U3_V1.0.0, STM32Cube_FW_U5_V1.7.0, STM32Cube_FW_WB0_V1.1.0, STM32Cube_FW_WBA_V1.5.0, STM32Cube_FW_WB_V1.21.0, STM32Cube_FW_WL3_V1.0.0, STM32Cube_FW_WL_V1.3.0, X-CUBE-ALGOBUILD_V1.4.0, X-CUBE-ALS_V1.0.2, X-CUBE-AZRTOS-F4_V1.1.0, X-CUBE-AZRTOS-F7_V1.1.0, X-CUBE-AZRTOS-G0_V1.1.0, X-CUBE-AZRTOS-G4_V2.0.0, X-CUBE-AZRTOS-H7RS_V1.0.0, X-CUBE-AZRTOS-H7_V3.3.0, X-CUBE-AZRTOS-L4_V2.0.0, X-CUBE-AZRTOS-L5_V2.0.0, X-CUBE-AZRTOS-WB_V2.0.0, X-CUBE-AZRTOS-WL_V2.0.0, X-CUBE-BLE1_V7.0.0, X-CUBE-BLE2_V3.3.0, X-CUBE-BLEMGR_V3.1.0, X-CUBE-EEPRMA1_V5.1.0, X-CUBE-FREERTOS_V1.2.0, X-CUBE-GNSS1_V6.0.0, X-CUBE-MEMS1_V11.0.0, X-CUBE-NFC4_V3.0.0, X-CUBE-NFC7_V1.0.1, X-CUBE-SFXS2LP1_V4.0.0, X-CUBE-SUBG2_V5.0.0, X-CUBE-TOF1_V3.4.2]
2025-01-06 17:17:42,067 [INFO] ApiDb:240 - Found 483 in-development CPN: [B-G473E-ZEST1S, B-WB1M-WPAN1, B-WL5M-SUBG1, NUCLEO-C031C6, NUCLEO-H503RB, NUCLEO-H533RE, NUCLEO-H563ZI, NUCLEO-H7S3L8, NUCLEO-U031R8, NUCLEO-U083RC, NUCLEO-U545RE-Q, NUCLEO-U5A5ZJ-Q, NUCLEO-WBA52CG, NUCLEO-WBA55CG, STEVAL-PROTEUS1, STEVAL-SMARTAG2, STEVAL-STWINBX1, STM320518-EVAL, STM32C0116-DK, STM32C011D6Y3TR, STM32C011D6Y6TR, STM32C011F4P3, STM32C011F4P6, STM32C011F4U3, STM32C011F4U6TR, STM32C011F6P3, STM32C011F6P6, STM32C011F6U3, STM32C011F6U6TR, STM32C011J4M3, STM32C011J4M6, STM32C011J6M3, STM32C011J6M6, STM32C0316-DK, STM32C031C4T3, STM32C031C4T6, STM32C031C4U3, STM32C031C4U6, STM32C031C6T3, STM32C031C6T6, STM32C031C6U3, STM32C031C6U6, STM32C031F4P3, STM32C031F4P6, STM32C031F6P3, STM32C031F6P6, STM32C031G4U3, STM32C031G4U6, STM32C031G6U3, STM32C031G6U6, STM32C031K4T3, STM32C031K4T6, STM32C031K4U3, STM32C031K4U6, STM32C031K6T3, STM32C031K6T6, STM32C031K6U3, STM32C031K6U6, STM32G071K8TXN, STM32G071K8UXN, STM32G081GBU6N, STM32G081KBT6N, STM32G081KBUXN, STM32G0B1CCT6N, STM32G0B1KCT6, STM32G0B1NEY6TR, STM32G0B1RCT6N, STM32G0C1CCT6, STM32G0C1CCT6N, STM32G0C1CCU6N, STM32G0C1CET6N, STM32G0C1CEU6N, STM32G0C1KCT6, STM32G0C1NEY6TR, STM32G0C1RCI6N, STM32G0C1RCT6N, STM32G0C1REI6N, STM32G0C1RET6N, STM32G0C1VCI6, STM32G0C1VEI6, STM32G471CCT6, STM32G471CCU6, STM32G471CET3, STM32G471CET6, STM32G471CEU3, STM32G471CEU6, STM32G471MCT6, STM32G471MET3, STM32G471MET6, STM32G471MEY6TR, STM32G471QCT6, STM32G471QET3, STM32G471RCT6, STM32G471RET3, STM32G471RET6, STM32G471VCH6, STM32G471VCI6, STM32G471VCT6, STM32G471VEH3, STM32G471VEH6, STM32G471VEI3, STM32G471VEI6, STM32G471VET3, STM32G471VET6, STM32G474CCT6, STM32H503CBT6, STM32H503CBU6, STM32H503EBY6TR, STM32H503KBU6, STM32H503RBT6, STM32H523CCT6, STM32H523CCU6, STM32H523CET6, STM32H523CEU6, STM32H523HEY6TR, STM32H523RCT6, STM32H523RET6, STM32H523VCI6, STM32H523VCT6, STM32H523VEI6, STM32H523VET6, STM32H523ZCJ6, STM32H523ZCT6, STM32H523ZEJ6, STM32H523ZET6, STM32H533CET6, STM32H533CEU6, STM32H533HEY6TR, STM32H533RET6, STM32H533VEI6, STM32H533VET6, STM32H533ZEJ6, STM32H533ZET6, STM32H562AGI6, STM32H562AII6, STM32H562IGK6, STM32H562IGT6, STM32H562IIK6, STM32H562IIT6, STM32H562RGT6, STM32H562RGV6, STM32H562RIT6, STM32H562RIV6, STM32H562VGT6, STM32H562VIT6, STM32H562ZGT6, STM32H562ZIT6, STM32H563AGI6, STM32H563AII3Q, STM32H563AII6, STM32H563IGK6, STM32H563IGT6, STM32H563IIK3Q, STM32H563IIK6, STM32H563IIT3Q, STM32H563IIT6, STM32H563MIY3QTR, STM32H563RGT6, STM32H563RGV6, STM32H563RIT6, STM32H563RIV6, STM32H563VGT6, STM32H563VIT3Q, STM32H563VIT6, STM32H563ZGT6, STM32H563ZIT3Q, STM32H563ZIT6, STM32H573AII3Q, STM32H573AII6, STM32H573I-DK, STM32H573IIK3Q, STM32H573IIK6, STM32H573IIT3Q, STM32H573IIT6, STM32H573MIY3QTR, STM32H573RIT6, STM32H573RIV6, STM32H573VIT3Q, STM32H573VIT6, STM32H573ZIT3Q, STM32H573ZIT6, STM32H7R3A8I6, STM32H7R3I8K6, STM32H7R3I8T6, STM32H7R3L8H6, STM32H7R3L8H6H, STM32H7R3R8V6, STM32H7R3V8H6, STM32H7R3V8T6, STM32H7R3V8Y6, STM32H7R3Z8J6, STM32H7R3Z8T6, STM32H7R7A8I6, STM32H7R7I8K6, STM32H7R7I8T6, STM32H7R7L8H6, STM32H7R7L8H6H, STM32H7R7Z8J6, STM32H7S3A8I6, STM32H7S3I8K6, STM32H7S3I8T6, STM32H7S3L8H6, STM32H7S3L8H6H, STM32H7S3R8V6, STM32H7S3V8H6, STM32H7S3V8T6, STM32H7S3V8Y6, STM32H7S3Z8J6, STM32H7S3Z8T6, STM32H7S78-DK, STM32H7S7A8I6, STM32H7S7I8K6, STM32H7S7I8T6, STM32H7S7L8H6, STM32H7S7L8H6H, STM32H7S7Z8J6, STM32L4R5QGI6STR, STM32MP131AAE3, STM32MP131AAF3, STM32MP131AAG3, STM32MP131CAE3, STM32MP131CAF3, STM32MP131CAG3, STM32MP131DAE7, STM32MP131DAF7, STM32MP131DAG7, STM32MP131FAE7, STM32MP131FAF7, STM32MP131FAG7, STM32MP133AAE3, STM32MP133AAF3, STM32MP133AAG3, STM32MP133CAE3, STM32MP133CAF3, STM32MP133CAG3, STM32MP133DAE7, STM32MP133DAF7, STM32MP133DAG7, STM32MP133FAE7, STM32MP133FAF7, STM32MP133FAG7, STM32MP135AAE3, STM32MP135AAF3, STM32MP135AAG3, STM32MP135CAE3, STM32MP135CAF3, STM32MP135CAG3, STM32MP135DAE7, STM32MP135DAF7, STM32MP135DAG7, STM32MP135F-DK, STM32MP135FAE7, STM32MP135FAF7, STM32MP135FAF7T, STM32MP135FAF7U, STM32MP135FAG7, STM32U031C6T6, STM32U031C6U6, STM32U031C8T6, STM32U031C8U6, STM32U031F4P6, STM32U031F6P6, STM32U031F8P6, STM32U031G6Y6TR, STM32U031G8Y6TR, STM32U031K4U6, STM32U031K6U6, STM32U031K8U6, STM32U031R6I6, STM32U031R6T6, STM32U031R8I6, STM32U031R8T6, STM32U073C8T6, STM32U073C8U6, STM32U073CBT6, STM32U073CBU6, STM32U073CCT6, STM32U073CCU6, STM32U073H8Y6TR, STM32U073HBY6TR, STM32U073HCY6TR, STM32U073K8U6, STM32U073KBU6, STM32U073KCU6, STM32U073M8I6, STM32U073M8T6, STM32U073MBI6, STM32U073MBT6, STM32U073MCI6, STM32U073MCT6, STM32U073R8I6, STM32U073R8T6, STM32U073RBI6, STM32U073RBT6, STM32U073RCI6, STM32U073RCT6, STM32U083C-DK, STM32U083CCT6, STM32U083CCU6, STM32U083HCY6TR, STM32U083KCU6, STM32U083MCI6, STM32U083MCT6, STM32U083RCI6, STM32U083RCT6, STM32U535CBT6, STM32U535CBT6Q, STM32U535CBU6, STM32U535CBU6Q, STM32U535CCT6, STM32U535CCT6Q, STM32U535CCU6, STM32U535CCU6Q, STM32U535CET6, STM32U535CET6Q, STM32U535CEU6, STM32U535CEU6Q, STM32U535JEY6QTR, STM32U535NCY6QTR, STM32U535NEY6QTR, STM32U535RBI6, STM32U535RBI6Q, STM32U535RBT6, STM32U535RBT6Q, STM32U535RCI6, STM32U535RCI6Q, STM32U535RCT6, STM32U535RCT6Q, STM32U535REI6, STM32U535REI6Q, STM32U535RET6, STM32U535RET6Q, STM32U535VCI6, STM32U535VCI6Q, STM32U535VCT6, STM32U535VCT6Q, STM32U535VEI6, STM32U535VEI6Q, STM32U535VET6, STM32U535VET6Q, STM32U545CET6, STM32U545CET6Q, STM32U545CEU6, STM32U545CEU6Q, STM32U545JEY6QTR, STM32U545NEY6QTR, STM32U545REI6, STM32U545REI6Q, STM32U545RET6, STM32U545RET6Q, STM32U545VEI6, STM32U545VEI6Q, STM32U545VET6, STM32U545VET6Q, STM32U595AIH6, STM32U595AIH6Q, STM32U595AJH6, STM32U595AJH6Q, STM32U595QII6, STM32U595QII6Q, STM32U595QJI6, STM32U595QJI6Q, STM32U595RIT6, STM32U595RIT6Q, STM32U595RJT6, STM32U595RJT6Q, STM32U595VIT6, STM32U595VIT6Q, STM32U595VJT6, STM32U595VJT6Q, STM32U595ZIT6, STM32U595ZIT6Q, STM32U595ZIY6QTR, STM32U595ZJT6, STM32U595ZJT6Q, STM32U595ZJY6QTR, STM32U599BJY6QTR, STM32U599NIH6Q, STM32U599NJH6Q, STM32U599VIT6Q, STM32U599VJT6, STM32U599VJT6Q, STM32U599ZIT6Q, STM32U599ZIY6QTR, STM32U599ZJT6Q, STM32U599ZJY6QTR, STM32U5A5AJH6, STM32U5A5AJH6Q, STM32U5A5QII3Q , STM32U5A5QJI6, STM32U5A5QJI6Q, STM32U5A5RJT6, STM32U5A5RJT6Q, STM32U5A5VJT6, STM32U5A5VJT6Q, STM32U5A5ZJT6, STM32U5A5ZJT6Q, STM32U5A5ZJY6QTR, STM32U5A9BJY6QTR, STM32U5A9J-DK, STM32U5A9NJH6Q, STM32U5A9VJT6Q, STM32U5A9ZJT6Q, STM32U5A9ZJY6QTR, STM32U5F7VIT6, STM32U5F7VIT6Q, STM32U5F7VJT6, STM32U5F7VJT6Q, STM32U5F9BJY6QTR, STM32U5F9NJH6Q, STM32U5F9VIT6Q, STM32U5F9VJT6Q, STM32U5F9ZIJ6QTR, STM32U5F9ZIT6Q, STM32U5F9ZJJ6QTR, STM32U5F9ZJT6Q, STM32U5G7VJT6, STM32U5G7VJT6Q, STM32U5G9BJY6QTR, STM32U5G9J-DK1, STM32U5G9J-DK2, STM32U5G9NJH6Q, STM32U5G9VJT6Q, STM32U5G9ZJJ6QTR, STM32U5G9ZJT6Q, STM32WB1MMCH6, STM32WBA50KEU6, STM32WBA50KEU6TR, STM32WBA50KGU6, STM32WBA50KGU6TR, STM32WBA52CEU6, STM32WBA52CEU6TR, STM32WBA52CEU7, STM32WBA52CEU7TR, STM32WBA52CGU6, STM32WBA52CGU6TR, STM32WBA52CGU6U, STM32WBA52CGU7, STM32WBA52CGU7TR, STM32WBA52KEU6, STM32WBA52KEU6TR, STM32WBA52KGU6, STM32WBA52KGU6TR, STM32WBA54CEU6, STM32WBA54CEU6TR, STM32WBA54CEU7, STM32WBA54CEU7TR, STM32WBA54CGU6, STM32WBA54CGU6TR, STM32WBA54CGU7, STM32WBA54CGU7TR, STM32WBA54KEU6, STM32WBA54KEU6TR, STM32WBA54KEU7, STM32WBA54KEU7TR, STM32WBA54KGU6, STM32WBA54KGU6TR, STM32WBA54KGU7, STM32WBA54KGU7TR, STM32WBA55CEU6, STM32WBA55CEU6TR, STM32WBA55CEU7, STM32WBA55CEU7TR, STM32WBA55CGU6, STM32WBA55CGU6TR, STM32WBA55CGU6U, STM32WBA55CGU7, STM32WBA55CGU7TR, STM32WBA55G-DK1, STM32WBA55HEF6, STM32WBA55HEF7, STM32WBA55HGF6, STM32WBA55HGF7, STM32WBA55UEI6, STM32WBA55UEI6TR, STM32WBA55UEI7, STM32WBA55UEI7TR, STM32WBA55UGI6, STM32WBA55UGI6TR, STM32WBA55UGI7, STM32WBA55UGI7TR, STM32WL5MOCH6, STM32WL5MOCH6TR]
2025-01-06 17:17:42,080 [INFO] DbMcus:218 - Found 4404 MCUs, 4404 are supported
2025-01-06 17:17:42,100 [INFO] ApiDb:423 - Load user favorites file C:\Users\Marina/.stm32cubeide/favorites.mcus.txt: 1 item(s)
2025-01-06 17:17:42,100 [INFO] ApiDb:427 - User favorites MCUs=[STM32L162ZET6]
2025-01-06 17:17:42,101 [INFO] DbMcus:224 - Set 1 / 1 favorites MCUs
2025-01-06 17:17:43,658 [INFO] BoardInfo:889 - No configuration file found for board NUCLEO-C071RB
2025-01-06 17:17:43,660 [INFO] DbBoards:161 - Board is not supported: NUCLEO-C071RB
2025-01-06 17:17:43,891 [INFO] BoardInfo:889 - No configuration file found for board NUCLEO-N657X0-Q
2025-01-06 17:17:43,891 [INFO] DbBoards:161 - Board is not supported: NUCLEO-N657X0-Q
2025-01-06 17:17:43,912 [INFO] BoardInfo:889 - No configuration file found for board NUCLEO-WB05KZ
2025-01-06 17:17:43,913 [INFO] DbBoards:161 - Board is not supported: NUCLEO-WB05KZ
2025-01-06 17:17:43,916 [INFO] BoardInfo:889 - No configuration file found for board NUCLEO-WB07CC
2025-01-06 17:17:43,917 [INFO] DbBoards:161 - Board is not supported: NUCLEO-WB07CC
2025-01-06 17:17:43,920 [INFO] BoardInfo:889 - No configuration file found for board NUCLEO-WB09KE
2025-01-06 17:17:43,922 [INFO] DbBoards:161 - Board is not supported: NUCLEO-WB09KE
2025-01-06 17:17:43,952 [INFO] BoardInfo:889 - No configuration file found for board P-NUCLEO-WB55
2025-01-06 17:17:43,953 [INFO] DbBoards:161 - Kit is not supported: P-NUCLEO-WB55
2025-01-06 17:17:43,967 [INFO] BoardInfo:889 - No configuration file found for board STEVAL-BFA001V1B
2025-01-06 17:17:43,968 [INFO] DbBoards:161 - Kit is not supported: STEVAL-BFA001V1B
2025-01-06 17:17:43,971 [INFO] BoardInfo:889 - No configuration file found for board STEVAL-BFA001V2B
2025-01-06 17:17:43,972 [INFO] DbBoards:161 - Kit is not supported: STEVAL-BFA001V2B
2025-01-06 17:17:44,311 [INFO] BoardInfo:889 - No configuration file found for board STM32MP257F-DK
2025-01-06 17:17:44,313 [INFO] DbBoards:161 - Board is not supported: STM32MP257F-DK
2025-01-06 17:17:44,316 [INFO] BoardInfo:889 - No configuration file found for board STM32MP257F-EV1
2025-01-06 17:17:44,317 [INFO] DbBoards:161 - Board is not supported: STM32MP257F-EV1
2025-01-06 17:17:44,320 [INFO] BoardInfo:889 - No configuration file found for board STM32N6570-DK
2025-01-06 17:17:44,321 [INFO] DbBoards:161 - Board is not supported: STM32N6570-DK
2025-01-06 17:17:44,350 [INFO] DbBoards:168 - Found 203 boards, 192 are supported
2025-01-06 17:17:44,351 [INFO] DbBoards:169 - Found 203 boards, 8 of them is supported for  Bsp
2025-01-06 17:17:44,373 [INFO] ApiDb:423 - Load user favorites file C:\Users\Marina/.stm32cubeide/favorites.boards.txt: 1 item(s)
2025-01-06 17:17:44,374 [INFO] ApiDb:427 - User favorites Boards=[NUCLEO-F103RB]
2025-01-06 17:17:44,374 [INFO] DbBoards:198 - Set 1 / 1 favorites Boards
2025-01-06 17:17:44,470 [INFO] UtilMem:75 - End LoadConfig() Used Memory: 820971400 Bytes (1073741824)
2025-01-06 17:17:44,892 [WARN] ThirdParty:833 - waiting for thirdparty lock release [change project]
2025-01-06 17:17:44,893 [INFO] ThirdParty:835 - entering critical section [change project]
2025-01-06 17:17:44,894 [INFO] ThirdParty:1030 - CMSIS Pack Vendor :STMicroelectronics USBPD 4.1
2025-01-06 17:17:44,894 [INFO] ThirdParty:1030 - CMSIS Pack Vendor :STMicroelectronics X-CUBE-GNSS1 6.0.0
2025-01-06 17:17:44,894 [INFO] ThirdParty:1030 - CMSIS Pack Vendor :STMicroelectronics USB_HOST 2.0.0
2025-01-06 17:17:44,894 [INFO] ThirdParty:1030 - CMSIS Pack Vendor :STMicroelectronics FP-SNS-MOTENVWB1 1.4.0
2025-01-06 17:17:44,894 [INFO] ThirdParty:1030 - CMSIS Pack Vendor :STMicroelectronics X-CUBE-AZRTOS-F4 1.1.0
2025-01-06 17:17:44,895 [INFO] ThirdParty:1030 - CMSIS Pack Vendor :STMicroelectronics LIBJPEG 8.0.0
2025-01-06 17:17:44,895 [INFO] ThirdParty:1030 - CMSIS Pack Vendor :STMicroelectronics FP-ATR-ASTRA1 2.0.1
2025-01-06 17:17:44,895 [INFO] ThirdParty:1030 - CMSIS Pack Vendor :STMicroelectronics X-CUBE-SMBUS 2.1.0
2025-01-06 17:17:44,895 [INFO] ThirdParty:1030 - CMSIS Pack Vendor :STMicroelectronics X-CUBE-WB05N 1.1.0
2025-01-06 17:17:44,895 [INFO] ThirdParty:1030 - CMSIS Pack Vendor :STMicroelectronics X-CUBE-ISPU 2.1.0
2025-01-06 17:17:44,895 [INFO] ThirdParty:1030 - CMSIS Pack Vendor :STMicroelectronics X-CUBE-FREERTOS 1.2.0
2025-01-06 17:17:44,895 [INFO] ThirdParty:1030 - CMSIS Pack Vendor :STMicroelectronics X-CUBE-MEMS1 9.2.0
2025-01-06 17:17:44,895 [INFO] ThirdParty:1030 - CMSIS Pack Vendor :STMicroelectronics X-CUBE-TOUCHGFX 4.23.2
2025-01-06 17:17:44,895 [INFO] ThirdParty:1030 - CMSIS Pack Vendor :STMicroelectronics X-CUBE-AZRTOS-F7 1.1.0
2025-01-06 17:17:44,896 [INFO] ThirdParty:1030 - CMSIS Pack Vendor :STMicroelectronics X-CUBE-AZRTOS-L5 2.0.0
2025-01-06 17:17:44,896 [INFO] ThirdParty:1030 - CMSIS Pack Vendor :STMicroelectronics USB_DEVICE 2.0.0
2025-01-06 17:17:44,896 [INFO] ThirdParty:1030 - CMSIS Pack Vendor :STMicroelectronics X-CUBE-MEMS1 9.6.0
2025-01-06 17:17:44,896 [INFO] ThirdParty:1030 - CMSIS Pack Vendor :STMicroelectronics X-CUBE-NFC6 3.1.0
2025-01-06 17:17:44,896 [INFO] ThirdParty:1030 - CMSIS Pack Vendor :STMicroelectronics X-CUBE-AI 7.1.0
2025-01-06 17:17:44,896 [INFO] ThirdParty:1030 - CMSIS Pack Vendor :STMicroelectronics X-CUBE-TOUCHGFX 4.19.1
2025-01-06 17:17:44,896 [INFO] ThirdParty:1030 - CMSIS Pack Vendor :STMicroelectronics FP-SNS-MOTENV1 4.3.1
2025-01-06 17:17:44,896 [INFO] ThirdParty:1030 - CMSIS Pack Vendor :STMicroelectronics FP-SNS-FLIGHT1 5.0.1
2025-01-06 17:17:44,896 [INFO] ThirdParty:1030 - CMSIS Pack Vendor :STMicroelectronics X-CUBE-BLE1 6.2.3
2025-01-06 17:17:44,897 [INFO] ThirdParty:1030 - CMSIS Pack Vendor :STMicroelectronics X-CUBE-MEMS1 11.0.0
2025-01-06 17:17:44,897 [INFO] ThirdParty:1030 - CMSIS Pack Vendor :STMicroelectronics X-CUBE-BLE1 6.2.4
2025-01-06 17:17:44,897 [INFO] ThirdParty:1030 - CMSIS Pack Vendor :STMicroelectronics FreeRTOS 0.0.1
2025-01-06 17:17:44,897 [INFO] ThirdParty:1030 - CMSIS Pack Vendor :STMicroelectronics X-CUBE-BLEMGR 2.0.0
2025-01-06 17:17:44,897 [INFO] ThirdParty:1030 - CMSIS Pack Vendor :STMicroelectronics X-CUBE-DPower 1.2.0
2025-01-06 17:17:44,897 [INFO] ThirdParty:1030 - CMSIS Pack Vendor :STMicroelectronics FP-SNS-FLIGHT1 5.0.2
2025-01-06 17:17:44,897 [INFO] ThirdParty:1030 - CMSIS Pack Vendor :STMicroelectronics X-CUBE-BLE2 3.2.2
2025-01-06 17:17:44,898 [INFO] ThirdParty:1030 - CMSIS Pack Vendor :STMicroelectronics X-CUBE-NFC4 2.0.4
2025-01-06 17:17:44,898 [INFO] ThirdParty:1030 - CMSIS Pack Vendor :STMicroelectronics X-CUBE-AI 9.0.0
2025-01-06 17:17:44,898 [INFO] ThirdParty:1030 - CMSIS Pack Vendor :STMicroelectronics X-CUBE-AZRTOS-H7 3.1.0
2025-01-06 17:17:44,898 [INFO] ThirdParty:1030 - CMSIS Pack Vendor :STMicroelectronics PDM2PCM 3.3.0
2025-01-06 17:17:44,898 [INFO] ThirdParty:1030 - CMSIS Pack Vendor :STMicroelectronics X-CUBE-SFXS2LP1 3.1.0
2025-01-06 17:17:44,899 [INFO] ThirdParty:1030 - CMSIS Pack Vendor :STMicroelectronics X-CUBE-DISPLAY 3.0.0
2025-01-06 17:17:44,899 [INFO] ThirdParty:1030 - CMSIS Pack Vendor :STMicroelectronics X-CUBE-AZRTOS-F4 1.0.0
2025-01-06 17:17:44,899 [INFO] ThirdParty:1030 - CMSIS Pack Vendor :STMicroelectronics X-CUBE-BLE1 7.0.0
2025-01-06 17:17:44,899 [INFO] ThirdParty:1030 - CMSIS Pack Vendor :STMicroelectronics X-CUBE-NFC10 1.0.0
2025-01-06 17:17:44,900 [INFO] ThirdParty:1030 - CMSIS Pack Vendor :STMicroelectronics X-CUBE-BLEMGR 4.0.0
2025-01-06 17:17:44,900 [INFO] ThirdParty:1030 - CMSIS Pack Vendor :STMicroelectronics HAL Drivers 0.0.0
2025-01-06 17:17:44,900 [INFO] ThirdParty:1030 - CMSIS Pack Vendor :STMicroelectronics X-CUBE-FREERTOS 1.3.0
2025-01-06 17:17:44,900 [INFO] ThirdParty:1030 - CMSIS Pack Vendor :STMicroelectronics X-CUBE-NFC7 1.0.1
2025-01-06 17:17:44,900 [INFO] ThirdParty:1030 - CMSIS Pack Vendor :STMicroelectronics MBEDTLS 2.14.1
2025-01-06 17:17:44,900 [INFO] ThirdParty:1030 - CMSIS Pack Vendor :STMicroelectronics X-CUBE-NFC7 1.0.0
2025-01-06 17:17:44,900 [INFO] ThirdParty:1030 - CMSIS Pack Vendor :wolfSSL I-CUBE-wolfTPM 3.2.0
2025-01-06 17:17:44,901 [INFO] ThirdParty:1030 - CMSIS Pack Vendor :STMicroelectronics X-CUBE-EEPRMA1 4.1.0
2025-01-06 17:17:44,901 [INFO] ThirdParty:1030 - CMSIS Pack Vendor :STMicroelectronics X-CUBE-BLEMGR 3.1.0
2025-01-06 17:17:44,901 [INFO] ThirdParty:1030 - CMSIS Pack Vendor :STMicroelectronics FP-SNS-SMARTAG2 1.2.0
2025-01-06 17:17:44,901 [INFO] ThirdParty:1030 - CMSIS Pack Vendor :STMicroelectronics X-CUBE-MEMS1 11.1.0
2025-01-06 17:17:44,901 [INFO] ThirdParty:1030 - CMSIS Pack Vendor :STMicroelectronics X-CUBE-AZRTOS-WL 2.0.0
2025-01-06 17:17:44,901 [INFO] ThirdParty:1030 - CMSIS Pack Vendor :STMicroelectronics FP-SNS-MOTENV1 5.0.0
2025-01-06 17:17:44,901 [INFO] ThirdParty:1030 - CMSIS Pack Vendor :STMicroelectronics USB_DEVICE 1.0.0
2025-01-06 17:17:44,902 [INFO] ThirdParty:1030 - CMSIS Pack Vendor :STMicroelectronics X-CUBE-AI 8.1.0
2025-01-06 17:17:44,902 [INFO] ThirdParty:1030 - CMSIS Pack Vendor :STMicroelectronics X-CUBE-AZRTOS-G0 1.0.0
2025-01-06 17:17:44,902 [INFO] ThirdParty:1030 - CMSIS Pack Vendor :wolfSSL I-CUBE-wolfMQTT 1.19.0
2025-01-06 17:17:44,902 [INFO] ThirdParty:1030 - CMSIS Pack Vendor :STMicroelectronics X-CUBE-AZRTOS-L4 2.0.0
2025-01-06 17:17:44,902 [INFO] ThirdParty:1030 - CMSIS Pack Vendor :STMicroelectronics ThreadX 0.0.2
2025-01-06 17:17:44,903 [INFO] ThirdParty:1030 - CMSIS Pack Vendor :WES I-CUBE-Cesium 1.3.0
2025-01-06 17:17:44,903 [INFO] ThirdParty:1030 - CMSIS Pack Vendor :STMicroelectronics lwIP 2.1.2
2025-01-06 17:17:44,903 [INFO] ThirdParty:1030 - CMSIS Pack Vendor :STMicroelectronics X-CUBE-SFXS2LP1 4.0.0
2025-01-06 17:17:44,903 [INFO] ThirdParty:1030 - CMSIS Pack Vendor :STMicroelectronics X-CUBE-BLE2 3.3.0
2025-01-06 17:17:44,903 [INFO] ThirdParty:1030 - CMSIS Pack Vendor :STMicroelectronics X-CUBE-DISPLAY 2.2.0
2025-01-06 17:17:44,903 [INFO] ThirdParty:1030 - CMSIS Pack Vendor :STMicroelectronics PDM2PCM 3.2.0
2025-01-06 17:17:44,903 [INFO] ThirdParty:1030 - CMSIS Pack Vendor :STMicroelectronics X-CUBE-ISPU 1.1.0
2025-01-06 17:17:44,903 [INFO] ThirdParty:1030 - CMSIS Pack Vendor :STMicroelectronics X-CUBE-AZRTOS-H7 3.3.0
2025-01-06 17:17:44,904 [INFO] ThirdParty:1030 - CMSIS Pack Vendor :RoweBots I-CUBE-UNISONRTOS 5.5.0-4
2025-01-06 17:17:44,904 [INFO] ThirdParty:1030 - CMSIS Pack Vendor :STMicroelectronics X-CUBE-NFC9 1.0.0
2025-01-06 17:17:44,904 [INFO] ThirdParty:1030 - CMSIS Pack Vendor :STMicroelectronics X-CUBE-AZRTOS-H7 2.1.0
2025-01-06 17:17:44,904 [INFO] ThirdParty:1030 - CMSIS Pack Vendor :STMicroelectronics USB_DEVICE 3.0.0
2025-01-06 17:17:44,904 [INFO] ThirdParty:1030 - CMSIS Pack Vendor :STMicroelectronics X-CUBE-TCPP 4.1.0
2025-01-06 17:17:44,904 [INFO] ThirdParty:1030 - CMSIS Pack Vendor :STMicroelectronics X-CUBE-IPS 3.0.0
2025-01-06 17:17:44,904 [INFO] ThirdParty:1030 - CMSIS Pack Vendor :STMicroelectronics X-CUBE-AZRTOS-WB 2.0.0
2025-01-06 17:17:44,904 [INFO] ThirdParty:1030 - CMSIS Pack Vendor :STMicroelectronics X-CUBE-FREERTOS 1.0.1
2025-01-06 17:17:44,904 [INFO] ThirdParty:1030 - CMSIS Pack Vendor :STMicroelectronics X-CUBE-GNSS1 7.0.0
2025-01-06 17:17:44,905 [INFO] ThirdParty:1030 - CMSIS Pack Vendor :STMicroelectronics X-CUBE-GNSS1 7.0.1
2025-01-06 17:17:44,905 [INFO] ThirdParty:1030 - CMSIS Pack Vendor :STMicroelectronics X-CUBE-TOUCHGFX 4.21.4
2025-01-06 17:17:44,905 [INFO] ThirdParty:1030 - CMSIS Pack Vendor :STMicroelectronics FP-SNS-STBOX1 2.0.0
2025-01-06 17:17:44,905 [INFO] ThirdParty:1030 - CMSIS Pack Vendor :STMicroelectronics X-CUBE-ALGOBUILD 1.3.0
2025-01-06 17:17:44,905 [INFO] ThirdParty:1030 - CMSIS Pack Vendor :STMicroelectronics X-CUBE-AZRTOS-L5 1.1.0
2025-01-06 17:17:44,905 [INFO] ThirdParty:1030 - CMSIS Pack Vendor :STMicroelectronics X-CUBE-AZRTOS-G0 1.1.0
2025-01-06 17:17:44,905 [INFO] ThirdParty:1030 - CMSIS Pack Vendor :STMicroelectronics X-CUBE-AI 8.0.1
2025-01-06 17:17:44,905 [INFO] ThirdParty:1030 - CMSIS Pack Vendor :STMicroelectronics X-CUBE-SAFEA1 1.2.2
2025-01-06 17:17:44,905 [INFO] ThirdParty:1030 - CMSIS Pack Vendor :STMicroelectronics X-CUBE-NFC4 3.0.0
2025-01-06 17:17:44,906 [INFO] ThirdParty:1030 - CMSIS Pack Vendor :SEGGER I-CUBE-embOS 1.2.0
2025-01-06 17:17:44,906 [INFO] ThirdParty:1030 - CMSIS Pack Vendor :STMicroelectronics X-CUBE-SUBG2 5.0.0
2025-01-06 17:17:44,906 [INFO] ThirdParty:1030 - CMSIS Pack Vendor :STMicroelectronics STM32_WPAN 1.0.0
2025-01-06 17:17:44,906 [INFO] ThirdParty:1030 - CMSIS Pack Vendor :EmbeddedOffice I-CUBE-FS-RTOS 1.0.1
2025-01-06 17:17:44,906 [INFO] ThirdParty:1030 - CMSIS Pack Vendor :STMicroelectronics lwIP 2.0.3
2025-01-06 17:17:44,906 [INFO] ThirdParty:1030 - CMSIS Pack Vendor :Cesanta I-CUBE-Mongoose 7.13.0
2025-01-06 17:17:44,906 [INFO] ThirdParty:1030 - CMSIS Pack Vendor :STMicroelectronics USB_HOST 1.0.0
2025-01-06 17:17:44,906 [INFO] ThirdParty:1030 - CMSIS Pack Vendor :STMicroelectronics X-CUBE-AZRTOS-G4 2.0.0
2025-01-06 17:17:44,906 [INFO] ThirdParty:1030 - CMSIS Pack Vendor :STMicroelectronics PDM2PCM 3.1.0
2025-01-06 17:17:44,906 [INFO] ThirdParty:1030 - CMSIS Pack Vendor :STMicroelectronics X-CUBE-TOF1 3.3.0
2025-01-06 17:17:44,906 [INFO] ThirdParty:1030 - CMSIS Pack Vendor :RealThread X-CUBE-RT-Thread_Nano 4.1.1
2025-01-06 17:17:44,906 [INFO] ThirdParty:1030 - CMSIS Pack Vendor :STMicroelectronics FP-SNS-MOTENVWB1 1.3.1
2025-01-06 17:17:44,906 [INFO] ThirdParty:1030 - CMSIS Pack Vendor :STMicroelectronics FP-ATR-SIGFOX1 3.2.0
2025-01-06 17:17:44,906 [INFO] ThirdParty:1030 - CMSIS Pack Vendor :STMicroelectronics X-CUBE-AZRTOS-G4 1.0.0
2025-01-06 17:17:44,907 [INFO] ThirdParty:1030 - CMSIS Pack Vendor :wolfSSL I-CUBE-wolfSSL 5.3.0
2025-01-06 17:17:44,907 [INFO] ThirdParty:1030 - CMSIS Pack Vendor :STMicroelectronics X-CUBE-AZRTOS-L4 1.0.0
2025-01-06 17:17:44,907 [INFO] ThirdParty:1030 - CMSIS Pack Vendor :quantropi X-CUBE-qispace-sdk-base 1.9.3
2025-01-06 17:17:44,907 [INFO] ThirdParty:1030 - CMSIS Pack Vendor :STMicroelectronics X-CUBE-ISPU 2.0.0
2025-01-06 17:17:44,907 [INFO] ThirdParty:1030 - CMSIS Pack Vendor :STMicroelectronics X-CUBE-EEPRMA1 5.1.0
2025-01-06 17:17:44,907 [INFO] ThirdParty:1030 - CMSIS Pack Vendor :STMicroelectronics MBEDTLS 2.16.2
2025-01-06 17:17:44,907 [INFO] ThirdParty:1030 - CMSIS Pack Vendor :STMicroelectronics X-CUBE-ALS 1.0.2
2025-01-06 17:17:44,907 [INFO] ThirdParty:1030 - CMSIS Pack Vendor :emotas I-CUBE-CANOPEN 1.1.2
2025-01-06 17:17:44,907 [INFO] ThirdParty:1030 - CMSIS Pack Vendor :STMicroelectronics X-CUBE-MEMS1 10.0.0
2025-01-06 17:17:44,907 [INFO] ThirdParty:1030 - CMSIS Pack Vendor :STMicroelectronics X-CUBE-FREERTOS 1.1.0
2025-01-06 17:17:44,907 [INFO] ThirdParty:1030 - CMSIS Pack Vendor :STMicroelectronics X-CUBE-TOUCHGFX 4.24.0
2025-01-06 17:17:44,907 [INFO] ThirdParty:1030 - CMSIS Pack Vendor :STMicroelectronics X-CUBE-AZRTOS-F7 1.0.0
2025-01-06 17:17:44,907 [INFO] ThirdParty:1030 - CMSIS Pack Vendor :ITTIA_DB I-CUBE-ITTIADB 8.9.0
2025-01-06 17:17:44,908 [INFO] ThirdParty:1030 - CMSIS Pack Vendor :STMicroelectronics X-CUBE-AZRTOS-WL 1.0.0
2025-01-06 17:17:44,908 [INFO] ThirdParty:1030 - CMSIS Pack Vendor :STMicroelectronics X-CUBE-TOUCHGFX 4.24.1
2025-01-06 17:17:44,908 [INFO] ThirdParty:1030 - CMSIS Pack Vendor :portGmbH I-Cube-SoM-uGOAL 1.1.0
2025-01-06 17:17:44,908 [INFO] ThirdParty:1030 - CMSIS Pack Vendor :STMicroelectronics X-CUBE-ALS 1.0.1
2025-01-06 17:17:44,908 [INFO] ThirdParty:1030 - CMSIS Pack Vendor :STMicroelectronics ThreadX 1.0.0
2025-01-06 17:17:44,908 [INFO] ThirdParty:1030 - CMSIS Pack Vendor :STMicroelectronics X-CUBE-AZRTOS-WB 1.1.0
2025-01-06 17:17:44,908 [INFO] ThirdParty:1030 - CMSIS Pack Vendor :SEGGER I-CUBE-embOS 1.3.1
2025-01-06 17:17:44,908 [INFO] ThirdParty:1030 - CMSIS Pack Vendor :STMicroelectronics X-CUBE-ALGOBUILD 1.4.0
2025-01-06 17:17:44,908 [INFO] ThirdParty:1030 - CMSIS Pack Vendor :STMicroelectronics X-CUBE-AZRTOS-L5 1.0.0
2025-01-06 17:17:44,908 [INFO] ThirdParty:1030 - CMSIS Pack Vendor :STMicroelectronics X-CUBE-EEPRMA1 3.1.1
2025-01-06 17:17:44,909 [INFO] ThirdParty:1030 - CMSIS Pack Vendor :STMicroelectronics X-CUBE-AZRTOS-H7RS 1.0.0
2025-01-06 17:17:44,909 [INFO] ThirdParty:1030 - CMSIS Pack Vendor :STMicroelectronics X-CUBE-GNSS1 5.2.0
2025-01-06 17:17:44,909 [INFO] ThirdParty:1030 - CMSIS Pack Vendor :STMicroelectronics FP-ATR-ASTRA1 2.0.0
2025-01-06 17:17:44,909 [INFO] ThirdParty:1030 - CMSIS Pack Vendor :STMicroelectronics X-CUBE-TOF1 3.4.2
2025-01-06 17:17:44,910 [INFO] ThirdParty:1030 - CMSIS Pack Vendor :STMicroelectronics X-CUBE-AI 9.1.0
2025-01-06 17:17:44,910 [INFO] ThirdParty:1030 - CMSIS Pack Vendor :STMicroelectronics X-CUBE-TOF1 3.4.1
2025-01-06 17:17:44,910 [INFO] ThirdParty:1030 - CMSIS Pack Vendor :STMicroelectronics X-CUBE-AZRTOS-H7 3.2.0
2025-01-06 17:17:44,910 [INFO] ThirdParty:1030 - CMSIS Pack Vendor :Infineon AIROC-Wi-Fi-Bluetooth-STM32 1.6.0
2025-01-06 17:17:44,910 [INFO] ThirdParty:1030 - CMSIS Pack Vendor :STMicroelectronics X-CUBE-TOF1 3.0.0
2025-01-06 17:17:44,911 [INFO] ThirdParty:1030 - CMSIS Pack Vendor :wolfSSL I-CUBE-wolfSSH 1.4.17
2025-01-06 17:17:44,911 [INFO] ThirdParty:841 - exiting critical section [change project]
2025-01-06 17:17:45,915 [INFO] PinOutPanel:1561 - setPackage(No Configuration,No Configuration)
2025-01-06 17:17:45,922 [INFO] PinOutPanel:1561 - setPackage(STM32C011F6Px,TSSOP20)
2025-01-06 17:17:47,760 [INFO] UtilMem:75 - Before build in PCC Used Memory: 644876288 Bytes (1073741824)
2025-01-06 17:17:53,910 [INFO] UtilMem:75 - After build in PCC Used Memory: 789053440 Bytes (1073741824)
2025-01-06 17:17:54,042 [INFO] IPUIPlugin:80 - create IPUIPlugin
2025-01-06 17:17:54,043 [INFO] IPUIPlugin:80 - create IPUIPlugin
2025-01-06 17:17:54,043 [INFO] IPUIPlugin:80 - create IPUIPlugin
2025-01-06 17:17:54,044 [INFO] IPUIPlugin:80 - create IPUIPlugin
2025-01-06 17:17:54,045 [INFO] IPUIPlugin:80 - create IPUIPlugin
2025-01-06 17:17:54,045 [INFO] IPUIPlugin:80 - create IPUIPlugin
2025-01-06 17:17:54,046 [INFO] IPUIPlugin:80 - create IPUIPlugin
2025-01-06 17:17:54,048 [INFO] IPUIPlugin:80 - create IPUIPlugin
2025-01-06 17:17:54,048 [INFO] IPUIPlugin:80 - create IPUIPlugin
2025-01-06 17:17:54,049 [INFO] IPUIPlugin:80 - create IPUIPlugin
2025-01-06 17:17:54,049 [INFO] IPUIPlugin:80 - create IPUIPlugin
2025-01-06 17:17:54,050 [INFO] IPUIPlugin:80 - create IPUIPlugin
2025-01-06 17:17:54,051 [INFO] IPUIPlugin:80 - create IPUIPlugin
2025-01-06 17:17:54,052 [INFO] IPUIPlugin:80 - create IPUIPlugin
2025-01-06 17:17:54,053 [INFO] IPUIPlugin:80 - create IPUIPlugin
2025-01-06 17:17:54,055 [INFO] IPUIPlugin:80 - create IPUIPlugin
2025-01-06 17:17:54,056 [INFO] IPUIPlugin:80 - create IPUIPlugin
2025-01-06 17:17:54,056 [INFO] IPUIPlugin:80 - create IPUIPlugin
2025-01-06 17:17:54,057 [INFO] IPUIPlugin:80 - create IPUIPlugin
2025-01-06 17:17:54,058 [INFO] IPUIPlugin:80 - create IPUIPlugin
2025-01-06 17:17:54,059 [INFO] IPUIPlugin:80 - create IPUIPlugin
2025-01-06 17:17:54,059 [INFO] IPUIPlugin:80 - create IPUIPlugin
2025-01-06 17:17:54,061 [INFO] IPUIPlugin:80 - create IPUIPlugin
2025-01-06 17:17:54,062 [INFO] IPUIPlugin:80 - create IPUIPlugin
2025-01-06 17:17:54,063 [INFO] IPUIPlugin:80 - create IPUIPlugin
2025-01-06 17:17:54,064 [INFO] IPUIPlugin:80 - create IPUIPlugin
2025-01-06 17:17:55,501 [INFO] CADModel:165 - CPN selected for project levelSTM32C011F6P6
2025-01-06 17:17:55,502 [INFO] CADModel:114 - Register for checkConnection events
2025-01-06 17:17:55,557 [INFO] OpenFileManager:343 - Restore cursor
2025-01-06 17:23:17,675 [INFO] UtilMem:75 - End SaveConfig() Used Memory: 683767040 Bytes (1073741824)
2025-01-06 17:23:20,116 [INFO] UtilMem:75 - End SaveConfig() Used Memory: 823171200 Bytes (1073741824)
2025-01-06 17:23:34,247 [INFO] UtilMem:75 - End SaveConfig() Used Memory: 629096008 Bytes (1073741824)
2025-01-06 17:23:39,749 [INFO] BlockDiagram:2759 - set Specific Code input for plugin: NVIC
2025-01-06 17:23:39,750 [INFO] BlockDiagram:2759 - set Specific Code input for plugin: GPIO
2025-01-06 17:23:39,750 [INFO] BlockDiagram:2759 - set Specific Code input for plugin: RCC
2025-01-06 17:23:39,757 [INFO] CodeGenerator:807 - code generatio: config db path: C:\ST\STM32CubeIDE_1.15.1\STM32CubeIDE\plugins\com.st.stm32cube.common.mx_6.11.1.202404110753\\db\
2025-01-06 17:23:40,973 [INFO] CodeEngine:255 - oldGeneratedFile, C:\Users\Marina\STM32CubeIDE\workspace_1.8.0\Xmas\Xmas\MXTmpFiles\license.tmp_save
2025-01-06 17:23:42,891 [INFO] CodeEngine:279 - Generated code: C:\Users\Marina\STM32CubeIDE\workspace_1.8.0\Xmas\Xmas\MXTmpFiles\license.tmp
2025-01-06 17:23:49,365 [INFO] CodeEngine:255 - oldGeneratedFile, C:\Users\Marina\STM32CubeIDE\workspace_1.8.0\Xmas\Xmas\MXTmpFiles\gpio.tmp_save
2025-01-06 17:23:50,404 [INFO] CodeEngine:279 - Generated code: C:\Users\Marina\STM32CubeIDE\workspace_1.8.0\Xmas\Xmas\MXTmpFiles\gpio.tmp
2025-01-06 17:23:50,722 [INFO] CodeEngine:255 - oldGeneratedFile, C:\Users\Marina\STM32CubeIDE\workspace_1.8.0\Xmas\Xmas\MXTmpFiles\cortex.tmp_save
2025-01-06 17:23:52,180 [INFO] CodeEngine:279 - Generated code: C:\Users\Marina\STM32CubeIDE\workspace_1.8.0\Xmas\Xmas\MXTmpFiles\cortex.tmp
2025-01-06 17:23:52,329 [INFO] CodeEngine:255 - oldGeneratedFile, C:\Users\Marina\STM32CubeIDE\workspace_1.8.0\Xmas\Xmas\Core\Src\stm32c0xx_it.c_save
2025-01-06 17:23:55,425 [INFO] CodeEngine:279 - Generated code: C:\Users\Marina\STM32CubeIDE\workspace_1.8.0\Xmas\Xmas\Core\Src\stm32c0xx_it.c
2025-01-06 17:23:55,512 [INFO] CodeEngine:255 - oldGeneratedFile, C:\Users\Marina\STM32CubeIDE\workspace_1.8.0\Xmas\Xmas\Core\Inc\stm32c0xx_it.h_save
2025-01-06 17:23:55,866 [INFO] CodeEngine:279 - Generated code: C:\Users\Marina\STM32CubeIDE\workspace_1.8.0\Xmas\Xmas\Core\Inc\stm32c0xx_it.h
2025-01-06 17:23:56,390 [INFO] CodeEngine:255 - oldGeneratedFile, C:\Users\Marina\STM32CubeIDE\workspace_1.8.0\Xmas\Xmas\Core\Src\stm32c0xx_hal_msp.c_save
2025-01-06 17:23:57,122 [INFO] CodeEngine:279 - Generated code: C:\Users\Marina\STM32CubeIDE\workspace_1.8.0\Xmas\Xmas\Core\Src\stm32c0xx_hal_msp.c
2025-01-06 17:23:57,190 [INFO] CodeEngine:255 - oldGeneratedFile, C:\Users\Marina\STM32CubeIDE\workspace_1.8.0\Xmas\Xmas\MXTmpFiles\system.tmp_save
2025-01-06 17:23:57,513 [INFO] CodeEngine:279 - Generated code: C:\Users\Marina\STM32CubeIDE\workspace_1.8.0\Xmas\Xmas\MXTmpFiles\system.tmp
2025-01-06 17:23:57,640 [INFO] CodeEngine:311 - oldGeneratedFile, C:\Users\Marina\STM32CubeIDE\workspace_1.8.0\Xmas\Xmas\Core\Inc\stm32c0xx_hal_conf.h_save
2025-01-06 17:23:58,110 [INFO] CodeEngine:335 - Generated code: C:\Users\Marina\STM32CubeIDE\workspace_1.8.0\Xmas\Xmas\Core\Inc\stm32c0xx_hal_conf.h
2025-01-06 17:23:58,191 [WARN] IPConfigManager:2982 - Warning: the RefConfig RCC_ConfigVoltageScaling is not available in your config.xml file
2025-01-06 17:23:58,198 [WARN] IPConfigManager:2982 - Warning: the RefConfig RCC_PClockConfig is not available in your config.xml file
2025-01-06 17:23:58,202 [WARN] IPConfigManager:2982 - Warning: the RefConfig RCC_interrupt_Time_SYSTICK_Config is not available in your config.xml file
2025-01-06 17:23:58,361 [INFO] CodeEngine:255 - oldGeneratedFile, C:\Users\Marina\STM32CubeIDE\workspace_1.8.0\Xmas\Xmas\Core\Inc\main.h_save
2025-01-06 17:23:59,160 [INFO] CodeEngine:279 - Generated code: C:\Users\Marina\STM32CubeIDE\workspace_1.8.0\Xmas\Xmas\Core\Inc\main.h
2025-01-06 17:23:59,242 [INFO] CodeEngine:255 - oldGeneratedFile, C:\Users\Marina\STM32CubeIDE\workspace_1.8.0\Xmas\Xmas\Core\Src\main.c_save
2025-01-06 17:23:59,870 [INFO] CodeEngine:279 - Generated code: C:\Users\Marina\STM32CubeIDE\workspace_1.8.0\Xmas\Xmas\Core\Src\main.c
2025-01-06 17:24:01,782 [INFO] ProjectBuilder:3163 - Time for Copy HAL[1] : 1150mS.
2025-01-06 17:24:01,802 [INFO] ProjectBuilder:4736 - Project Generator version: 4.3.0-B58
2025-01-06 17:24:02,200 [INFO] ConfigFileManager:1503 - The Die is : DIE443
2025-01-06 17:24:02,284 [INFO] ApiDbMcu:508 - Load IP Config File for FileX
2025-01-06 17:24:02,357 [INFO] ApiDbMcu:508 - Load IP Config File for ThreadX
2025-01-06 17:24:04,990 [INFO] LogOutputStream:77 - [STDOUT_REDIRECT] 
2025-01-06 17:24:11,636 [INFO] ProjectBuilder:5002 - Time for Generating toolchain IDE Files: 9834mS.
2025-01-06 17:24:11,639 [INFO] ProjectBuilder:3034 - Time for Copy CMSIS : 2mS.
2025-01-06 17:24:11,651 [INFO] ProjectBuilder:3034 - Time for Copy CMSIS : 0mS.
2025-01-06 17:25:12,817 [INFO] Gpio:277 - dependency for GPIO []
2025-01-06 17:25:40,622 [INFO] Gpio:277 - dependency for GPIO []
2025-01-06 17:28:58,526 [INFO] UtilMem:75 - End SaveConfig() Used Memory: 851845264 Bytes (1073741824)
2025-01-06 17:29:00,046 [INFO] UtilMem:75 - End SaveConfig() Used Memory: 869197592 Bytes (1073741824)
2025-01-06 17:29:03,660 [INFO] UtilMem:75 - End SaveConfig() Used Memory: 922970008 Bytes (1073741824)
2025-01-06 17:29:04,451 [INFO] BlockDiagram:2759 - set Specific Code input for plugin: NVIC
2025-01-06 17:29:04,451 [INFO] BlockDiagram:2759 - set Specific Code input for plugin: TIM1_8C0
2025-01-06 17:29:04,451 [INFO] BlockDiagram:2759 - set Specific Code input for plugin: SYS
2025-01-06 17:29:04,452 [INFO] BlockDiagram:2759 - set Specific Code input for plugin: GPIO
2025-01-06 17:29:04,452 [INFO] BlockDiagram:2759 - set Specific Code input for plugin: RCC
2025-01-06 17:29:04,454 [INFO] CodeGenerator:807 - code generatio: config db path: C:\ST\STM32CubeIDE_1.15.1\STM32CubeIDE\plugins\com.st.stm32cube.common.mx_6.11.1.202404110753\\db\
2025-01-06 17:29:04,691 [INFO] CodeEngine:255 - oldGeneratedFile, C:\Users\Marina\STM32CubeIDE\workspace_1.8.0\Xmas\Xmas\MXTmpFiles\license.tmp_save
2025-01-06 17:29:04,962 [INFO] CodeEngine:279 - Generated code: C:\Users\Marina\STM32CubeIDE\workspace_1.8.0\Xmas\Xmas\MXTmpFiles\license.tmp
2025-01-06 17:29:05,061 [INFO] CodeEngine:255 - oldGeneratedFile, C:\Users\Marina\STM32CubeIDE\workspace_1.8.0\Xmas\Xmas\MXTmpFiles\gpio.tmp_save
2025-01-06 17:29:05,354 [INFO] CodeEngine:279 - Generated code: C:\Users\Marina\STM32CubeIDE\workspace_1.8.0\Xmas\Xmas\MXTmpFiles\gpio.tmp
2025-01-06 17:29:05,877 [INFO] CodeEngine:255 - oldGeneratedFile, C:\Users\Marina\STM32CubeIDE\workspace_1.8.0\Xmas\Xmas\MXTmpFiles\cortex.tmp_save
2025-01-06 17:29:06,145 [INFO] CodeEngine:279 - Generated code: C:\Users\Marina\STM32CubeIDE\workspace_1.8.0\Xmas\Xmas\MXTmpFiles\cortex.tmp
2025-01-06 17:29:06,217 [INFO] CodeEngine:255 - oldGeneratedFile, C:\Users\Marina\STM32CubeIDE\workspace_1.8.0\Xmas\Xmas\Core\Src\stm32c0xx_it.c_save
2025-01-06 17:29:06,487 [INFO] CodeEngine:279 - Generated code: C:\Users\Marina\STM32CubeIDE\workspace_1.8.0\Xmas\Xmas\Core\Src\stm32c0xx_it.c
2025-01-06 17:29:06,527 [INFO] CodeEngine:255 - oldGeneratedFile, C:\Users\Marina\STM32CubeIDE\workspace_1.8.0\Xmas\Xmas\Core\Inc\stm32c0xx_it.h_save
2025-01-06 17:29:06,725 [INFO] CodeEngine:279 - Generated code: C:\Users\Marina\STM32CubeIDE\workspace_1.8.0\Xmas\Xmas\Core\Inc\stm32c0xx_it.h
2025-01-06 17:29:06,857 [INFO] CodeEngine:255 - oldGeneratedFile, C:\Users\Marina\STM32CubeIDE\workspace_1.8.0\Xmas\Xmas\Core\Src\stm32c0xx_hal_msp.c_save
2025-01-06 17:29:07,310 [INFO] CodeEngine:279 - Generated code: C:\Users\Marina\STM32CubeIDE\workspace_1.8.0\Xmas\Xmas\Core\Src\stm32c0xx_hal_msp.c
2025-01-06 17:29:07,338 [INFO] CodeEngine:255 - oldGeneratedFile, C:\Users\Marina\STM32CubeIDE\workspace_1.8.0\Xmas\Xmas\MXTmpFiles\system.tmp_save
2025-01-06 17:29:07,630 [INFO] CodeEngine:279 - Generated code: C:\Users\Marina\STM32CubeIDE\workspace_1.8.0\Xmas\Xmas\MXTmpFiles\system.tmp
2025-01-06 17:29:07,752 [INFO] CodeEngine:311 - oldGeneratedFile, C:\Users\Marina\STM32CubeIDE\workspace_1.8.0\Xmas\Xmas\Core\Inc\stm32c0xx_hal_conf.h_save
2025-01-06 17:29:08,195 [INFO] CodeEngine:335 - Generated code: C:\Users\Marina\STM32CubeIDE\workspace_1.8.0\Xmas\Xmas\Core\Inc\stm32c0xx_hal_conf.h
2025-01-06 17:29:08,323 [WARN] IPConfigManager:2982 - Warning: the RefConfig RCC_ConfigVoltageScaling is not available in your config.xml file
2025-01-06 17:29:08,327 [WARN] IPConfigManager:2982 - Warning: the RefConfig RCC_PClockConfig is not available in your config.xml file
2025-01-06 17:29:08,329 [WARN] IPConfigManager:2982 - Warning: the RefConfig RCC_interrupt_Time_SYSTICK_Config is not available in your config.xml file
2025-01-06 17:29:08,347 [WARN] IPConfigManager:3513 - IP not found : TIM
2025-01-06 17:29:08,354 [WARN] CodeGenerator:3951 - IP not found : null
2025-01-06 17:29:08,462 [INFO] CodeEngine:255 - oldGeneratedFile, C:\Users\Marina\STM32CubeIDE\workspace_1.8.0\Xmas\Xmas\Core\Inc\main.h_save
2025-01-06 17:29:08,869 [INFO] CodeEngine:279 - Generated code: C:\Users\Marina\STM32CubeIDE\workspace_1.8.0\Xmas\Xmas\Core\Inc\main.h
2025-01-06 17:29:08,920 [INFO] CodeEngine:255 - oldGeneratedFile, C:\Users\Marina\STM32CubeIDE\workspace_1.8.0\Xmas\Xmas\Core\Src\main.c_save
2025-01-06 17:29:09,389 [INFO] CodeEngine:279 - Generated code: C:\Users\Marina\STM32CubeIDE\workspace_1.8.0\Xmas\Xmas\Core\Src\main.c
2025-01-06 17:29:10,465 [INFO] ProjectBuilder:3163 - Time for Copy HAL[1] : 648mS.
2025-01-06 17:29:10,477 [INFO] ProjectBuilder:4736 - Project Generator version: 4.3.0-B58
2025-01-06 17:29:10,698 [INFO] ConfigFileManager:1503 - The Die is : DIE443
2025-01-06 17:29:17,589 [INFO] ProjectBuilder:5002 - Time for Generating toolchain IDE Files: 7112mS.
2025-01-06 17:29:17,593 [INFO] ProjectBuilder:3034 - Time for Copy CMSIS : 3mS.
2025-01-06 17:29:17,604 [INFO] ProjectBuilder:3034 - Time for Copy CMSIS : 0mS.
